
*** Running vivado
    with args -log tracker_top.vdi -applog -m64 -product Vivado -messageDb vivado.pb -mode batch -source tracker_top.tcl -notrace



****** Vivado v2022.2 (64-bit)
  **** SW Build 3671981 on Fri Oct 14 05:00:03 MDT 2022
  **** IP Build 3669848 on Fri Oct 14 08:30:02 MDT 2022
    ** Copyright 1986-2022 Xilinx, Inc. All Rights Reserved.

source tracker_top.tcl -notrace
INFO: [IP_Flow 19-234] Refreshing IP repositories
INFO: [IP_Flow 19-1700] Loaded user IP repository 'd:/SpartanTracker/ip_repo/hdmi_tc_2'.
INFO: [IP_Flow 19-2313] Loaded Vivado IP repository 'C:/Xilinx/Vivado/2022.2/data/ip'.
Command: link_design -top tracker_top -part xc7s50csga324-1
Design is defaulting to srcset: sources_1
Design is defaulting to constrset: constrs_1
INFO: [Device 21-403] Loading part xc7s50csga324-1
INFO: [Project 1-454] Reading design checkpoint 'd:/SpartanTracker/lab7_2/lab7_2.gen/sources_1/bd/mb_block/ip/mb_block_axi_gpio_0_2/mb_block_axi_gpio_0_2.dcp' for cell 'mb_block_i/axi_cursor'
INFO: [Project 1-454] Reading design checkpoint 'd:/SpartanTracker/lab7_2/lab7_2.gen/sources_1/bd/mb_block/ip/mb_block_axi_uartlite_0_0/mb_block_axi_uartlite_0_0.dcp' for cell 'mb_block_i/axi_uartlite_0'
INFO: [Project 1-454] Reading design checkpoint 'd:/SpartanTracker/lab7_2/lab7_2.gen/sources_1/bd/mb_block/ip/mb_block_clk_wiz_0_0/mb_block_clk_wiz_0_0.dcp' for cell 'mb_block_i/clk_wiz_0'
INFO: [Project 1-454] Reading design checkpoint 'd:/SpartanTracker/lab7_2/lab7_2.gen/sources_1/bd/mb_block/ip/mb_block_hdmi_tc_v2_0_0/mb_block_hdmi_tc_v2_0_0.dcp' for cell 'mb_block_i/hdmi_tc_v2_0'
INFO: [Project 1-454] Reading design checkpoint 'd:/SpartanTracker/lab7_2/lab7_2.gen/sources_1/bd/mb_block/ip/mb_block_mdm_1_0/mb_block_mdm_1_0.dcp' for cell 'mb_block_i/mdm_1'
INFO: [Project 1-454] Reading design checkpoint 'd:/SpartanTracker/lab7_2/lab7_2.gen/sources_1/bd/mb_block/ip/mb_block_microblaze_0_0/mb_block_microblaze_0_0.dcp' for cell 'mb_block_i/microblaze_0'
INFO: [Project 1-454] Reading design checkpoint 'd:/SpartanTracker/lab7_2/lab7_2.gen/sources_1/bd/mb_block/ip/mb_block_microblaze_0_axi_intc_0/mb_block_microblaze_0_axi_intc_0.dcp' for cell 'mb_block_i/microblaze_0_axi_intc'
INFO: [Project 1-454] Reading design checkpoint 'd:/SpartanTracker/lab7_2/lab7_2.gen/sources_1/bd/mb_block/ip/mb_block_rst_clk_wiz_1_100M_0/mb_block_rst_clk_wiz_1_100M_0.dcp' for cell 'mb_block_i/rst_clk_wiz_1_100M'
INFO: [Project 1-454] Reading design checkpoint 'd:/SpartanTracker/lab7_2/lab7_2.gen/sources_1/bd/mb_block/ip/mb_block_axi_quad_spi_0_0/mb_block_axi_quad_spi_0_0.dcp' for cell 'mb_block_i/spi_usb'
INFO: [Project 1-454] Reading design checkpoint 'd:/SpartanTracker/lab7_2/lab7_2.gen/sources_1/bd/mb_block/ip/mb_block_clk_wiz_1_0/mb_block_clk_wiz_1_0.dcp' for cell 'mb_block_i/synth_clock'
INFO: [Project 1-454] Reading design checkpoint 'd:/SpartanTracker/lab7_2/lab7_2.gen/sources_1/bd/mb_block/ip/mb_block_axi_timer_0_0/mb_block_axi_timer_0_0.dcp' for cell 'mb_block_i/timer_usb_axi'
INFO: [Project 1-454] Reading design checkpoint 'd:/SpartanTracker/lab7_2/lab7_2.gen/sources_1/bd/mb_block/ip/mb_block_axi_gpio_0_1/mb_block_axi_gpio_0_1.dcp' for cell 'mb_block_i/usb_int'
INFO: [Project 1-454] Reading design checkpoint 'd:/SpartanTracker/lab7_2/lab7_2.gen/sources_1/bd/mb_block/ip/mb_block_axi_gpio_1_0/mb_block_axi_gpio_1_0.dcp' for cell 'mb_block_i/usb_keycode'
INFO: [Project 1-454] Reading design checkpoint 'd:/SpartanTracker/lab7_2/lab7_2.gen/sources_1/bd/mb_block/ip/mb_block_axi_gpio_0_0/mb_block_axi_gpio_0_0.dcp' for cell 'mb_block_i/usb_rst'
INFO: [Project 1-454] Reading design checkpoint 'd:/SpartanTracker/lab7_2/lab7_2.gen/sources_1/bd/mb_block/ip/mb_block_xbar_0/mb_block_xbar_0.dcp' for cell 'mb_block_i/microblaze_0_axi_periph/xbar'
INFO: [Project 1-454] Reading design checkpoint 'd:/SpartanTracker/lab7_2/lab7_2.gen/sources_1/bd/mb_block/ip/mb_block_dlmb_bram_if_cntlr_0/mb_block_dlmb_bram_if_cntlr_0.dcp' for cell 'mb_block_i/microblaze_0_local_memory/dlmb_bram_if_cntlr'
INFO: [Project 1-454] Reading design checkpoint 'd:/SpartanTracker/lab7_2/lab7_2.gen/sources_1/bd/mb_block/ip/mb_block_dlmb_v10_0/mb_block_dlmb_v10_0.dcp' for cell 'mb_block_i/microblaze_0_local_memory/dlmb_v10'
INFO: [Project 1-454] Reading design checkpoint 'd:/SpartanTracker/lab7_2/lab7_2.gen/sources_1/bd/mb_block/ip/mb_block_ilmb_bram_if_cntlr_0/mb_block_ilmb_bram_if_cntlr_0.dcp' for cell 'mb_block_i/microblaze_0_local_memory/ilmb_bram_if_cntlr'
INFO: [Project 1-454] Reading design checkpoint 'd:/SpartanTracker/lab7_2/lab7_2.gen/sources_1/bd/mb_block/ip/mb_block_ilmb_v10_0/mb_block_ilmb_v10_0.dcp' for cell 'mb_block_i/microblaze_0_local_memory/ilmb_v10'
INFO: [Project 1-454] Reading design checkpoint 'd:/SpartanTracker/lab7_2/lab7_2.gen/sources_1/bd/mb_block/ip/mb_block_lmb_bram_0/mb_block_lmb_bram_0.dcp' for cell 'mb_block_i/microblaze_0_local_memory/lmb_bram'
Netlist sorting complete. Time (s): cpu = 00:00:00 ; elapsed = 00:00:00.111 . Memory (MB): peak = 1527.043 ; gain = 0.000
INFO: [Netlist 29-17] Analyzing 488 Unisim elements for replacement
INFO: [Netlist 29-28] Unisim Transformation completed in 1 CPU seconds
INFO: [Project 1-479] Netlist was created with Vivado 2022.2
INFO: [Project 1-570] Preparing netlist for logic optimization
WARNING: [Opt 31-35] Removing redundant IBUF, mb_block_i/clk_wiz_0/inst/clkin1_ibufg, from the path connected to top-level port: clk_100MHz 
Resolution: The tool has removed redundant IBUF. To resolve this warning, check for redundant IBUF in the input design.
WARNING: [Opt 31-32] Removing redundant IBUF since it is not being driven by a top-level port. mb_block_i/synth_clock/inst/clkin1_ibufg 
Resolution: The tool has removed redundant IBUF. To resolve this warning, check for redundant IBUF in the input design.
WARNING: [Constraints 18-550] Could not create 'IBUF_LOW_PWR' constraint because net 'mb_block_i/clk_wiz_0/clk_in1' is not directly connected to top level port. Synthesis is ignored for IBUF_LOW_PWR but preserved for implementation.
WARNING: [Constraints 18-550] Could not create 'IBUF_LOW_PWR' constraint because net 'mb_block_i/synth_clock/clk_in1' is not directly connected to top level port. Synthesis is ignored for IBUF_LOW_PWR but preserved for implementation.
Parsing XDC File [d:/SpartanTracker/lab7_2/lab7_2.gen/sources_1/bd/mb_block/ip/mb_block_microblaze_0_0/mb_block_microblaze_0_0.xdc] for cell 'mb_block_i/microblaze_0/U0'
Finished Parsing XDC File [d:/SpartanTracker/lab7_2/lab7_2.gen/sources_1/bd/mb_block/ip/mb_block_microblaze_0_0/mb_block_microblaze_0_0.xdc] for cell 'mb_block_i/microblaze_0/U0'
Parsing XDC File [d:/SpartanTracker/lab7_2/lab7_2.gen/sources_1/bd/mb_block/ip/mb_block_microblaze_0_axi_intc_0/mb_block_microblaze_0_axi_intc_0.xdc] for cell 'mb_block_i/microblaze_0_axi_intc/U0'
Finished Parsing XDC File [d:/SpartanTracker/lab7_2/lab7_2.gen/sources_1/bd/mb_block/ip/mb_block_microblaze_0_axi_intc_0/mb_block_microblaze_0_axi_intc_0.xdc] for cell 'mb_block_i/microblaze_0_axi_intc/U0'
Parsing XDC File [d:/SpartanTracker/lab7_2/lab7_2.gen/sources_1/bd/mb_block/ip/mb_block_rst_clk_wiz_1_100M_0/mb_block_rst_clk_wiz_1_100M_0_board.xdc] for cell 'mb_block_i/rst_clk_wiz_1_100M/U0'
Finished Parsing XDC File [d:/SpartanTracker/lab7_2/lab7_2.gen/sources_1/bd/mb_block/ip/mb_block_rst_clk_wiz_1_100M_0/mb_block_rst_clk_wiz_1_100M_0_board.xdc] for cell 'mb_block_i/rst_clk_wiz_1_100M/U0'
Parsing XDC File [d:/SpartanTracker/lab7_2/lab7_2.gen/sources_1/bd/mb_block/ip/mb_block_rst_clk_wiz_1_100M_0/mb_block_rst_clk_wiz_1_100M_0.xdc] for cell 'mb_block_i/rst_clk_wiz_1_100M/U0'
Finished Parsing XDC File [d:/SpartanTracker/lab7_2/lab7_2.gen/sources_1/bd/mb_block/ip/mb_block_rst_clk_wiz_1_100M_0/mb_block_rst_clk_wiz_1_100M_0.xdc] for cell 'mb_block_i/rst_clk_wiz_1_100M/U0'
Parsing XDC File [d:/SpartanTracker/lab7_2/lab7_2.gen/sources_1/bd/mb_block/ip/mb_block_axi_uartlite_0_0/mb_block_axi_uartlite_0_0_board.xdc] for cell 'mb_block_i/axi_uartlite_0/U0'
Finished Parsing XDC File [d:/SpartanTracker/lab7_2/lab7_2.gen/sources_1/bd/mb_block/ip/mb_block_axi_uartlite_0_0/mb_block_axi_uartlite_0_0_board.xdc] for cell 'mb_block_i/axi_uartlite_0/U0'
Parsing XDC File [d:/SpartanTracker/lab7_2/lab7_2.gen/sources_1/bd/mb_block/ip/mb_block_axi_uartlite_0_0/mb_block_axi_uartlite_0_0.xdc] for cell 'mb_block_i/axi_uartlite_0/U0'
Finished Parsing XDC File [d:/SpartanTracker/lab7_2/lab7_2.gen/sources_1/bd/mb_block/ip/mb_block_axi_uartlite_0_0/mb_block_axi_uartlite_0_0.xdc] for cell 'mb_block_i/axi_uartlite_0/U0'
Parsing XDC File [d:/SpartanTracker/lab7_2/lab7_2.gen/sources_1/bd/mb_block/ip/mb_block_clk_wiz_0_0/mb_block_clk_wiz_0_0_board.xdc] for cell 'mb_block_i/clk_wiz_0/inst'
Finished Parsing XDC File [d:/SpartanTracker/lab7_2/lab7_2.gen/sources_1/bd/mb_block/ip/mb_block_clk_wiz_0_0/mb_block_clk_wiz_0_0_board.xdc] for cell 'mb_block_i/clk_wiz_0/inst'
Parsing XDC File [d:/SpartanTracker/lab7_2/lab7_2.gen/sources_1/bd/mb_block/ip/mb_block_clk_wiz_0_0/mb_block_clk_wiz_0_0.xdc] for cell 'mb_block_i/clk_wiz_0/inst'
INFO: [Timing 38-35] Done setting XDC timing constraints. [d:/SpartanTracker/lab7_2/lab7_2.gen/sources_1/bd/mb_block/ip/mb_block_clk_wiz_0_0/mb_block_clk_wiz_0_0.xdc:57]
INFO: [Timing 38-2] Deriving generated clocks [d:/SpartanTracker/lab7_2/lab7_2.gen/sources_1/bd/mb_block/ip/mb_block_clk_wiz_0_0/mb_block_clk_wiz_0_0.xdc:57]
Finished Parsing XDC File [d:/SpartanTracker/lab7_2/lab7_2.gen/sources_1/bd/mb_block/ip/mb_block_clk_wiz_0_0/mb_block_clk_wiz_0_0.xdc] for cell 'mb_block_i/clk_wiz_0/inst'
Parsing XDC File [d:/SpartanTracker/lab7_2/lab7_2.gen/sources_1/bd/mb_block/ip/mb_block_axi_timer_0_0/mb_block_axi_timer_0_0.xdc] for cell 'mb_block_i/timer_usb_axi/U0'
Finished Parsing XDC File [d:/SpartanTracker/lab7_2/lab7_2.gen/sources_1/bd/mb_block/ip/mb_block_axi_timer_0_0/mb_block_axi_timer_0_0.xdc] for cell 'mb_block_i/timer_usb_axi/U0'
Parsing XDC File [d:/SpartanTracker/lab7_2/lab7_2.gen/sources_1/bd/mb_block/ip/mb_block_axi_quad_spi_0_0/mb_block_axi_quad_spi_0_0_board.xdc] for cell 'mb_block_i/spi_usb/U0'
Finished Parsing XDC File [d:/SpartanTracker/lab7_2/lab7_2.gen/sources_1/bd/mb_block/ip/mb_block_axi_quad_spi_0_0/mb_block_axi_quad_spi_0_0_board.xdc] for cell 'mb_block_i/spi_usb/U0'
Parsing XDC File [d:/SpartanTracker/lab7_2/lab7_2.gen/sources_1/bd/mb_block/ip/mb_block_axi_quad_spi_0_0/mb_block_axi_quad_spi_0_0.xdc] for cell 'mb_block_i/spi_usb/U0'
Finished Parsing XDC File [d:/SpartanTracker/lab7_2/lab7_2.gen/sources_1/bd/mb_block/ip/mb_block_axi_quad_spi_0_0/mb_block_axi_quad_spi_0_0.xdc] for cell 'mb_block_i/spi_usb/U0'
Parsing XDC File [d:/SpartanTracker/lab7_2/lab7_2.gen/sources_1/bd/mb_block/ip/mb_block_axi_gpio_0_0/mb_block_axi_gpio_0_0_board.xdc] for cell 'mb_block_i/usb_rst/U0'
Finished Parsing XDC File [d:/SpartanTracker/lab7_2/lab7_2.gen/sources_1/bd/mb_block/ip/mb_block_axi_gpio_0_0/mb_block_axi_gpio_0_0_board.xdc] for cell 'mb_block_i/usb_rst/U0'
Parsing XDC File [d:/SpartanTracker/lab7_2/lab7_2.gen/sources_1/bd/mb_block/ip/mb_block_axi_gpio_0_0/mb_block_axi_gpio_0_0.xdc] for cell 'mb_block_i/usb_rst/U0'
Finished Parsing XDC File [d:/SpartanTracker/lab7_2/lab7_2.gen/sources_1/bd/mb_block/ip/mb_block_axi_gpio_0_0/mb_block_axi_gpio_0_0.xdc] for cell 'mb_block_i/usb_rst/U0'
Parsing XDC File [d:/SpartanTracker/lab7_2/lab7_2.gen/sources_1/bd/mb_block/ip/mb_block_axi_gpio_0_1/mb_block_axi_gpio_0_1_board.xdc] for cell 'mb_block_i/usb_int/U0'
Finished Parsing XDC File [d:/SpartanTracker/lab7_2/lab7_2.gen/sources_1/bd/mb_block/ip/mb_block_axi_gpio_0_1/mb_block_axi_gpio_0_1_board.xdc] for cell 'mb_block_i/usb_int/U0'
Parsing XDC File [d:/SpartanTracker/lab7_2/lab7_2.gen/sources_1/bd/mb_block/ip/mb_block_axi_gpio_0_1/mb_block_axi_gpio_0_1.xdc] for cell 'mb_block_i/usb_int/U0'
Finished Parsing XDC File [d:/SpartanTracker/lab7_2/lab7_2.gen/sources_1/bd/mb_block/ip/mb_block_axi_gpio_0_1/mb_block_axi_gpio_0_1.xdc] for cell 'mb_block_i/usb_int/U0'
Parsing XDC File [d:/SpartanTracker/lab7_2/lab7_2.gen/sources_1/bd/mb_block/ip/mb_block_axi_gpio_1_0/mb_block_axi_gpio_1_0_board.xdc] for cell 'mb_block_i/usb_keycode/U0'
Finished Parsing XDC File [d:/SpartanTracker/lab7_2/lab7_2.gen/sources_1/bd/mb_block/ip/mb_block_axi_gpio_1_0/mb_block_axi_gpio_1_0_board.xdc] for cell 'mb_block_i/usb_keycode/U0'
Parsing XDC File [d:/SpartanTracker/lab7_2/lab7_2.gen/sources_1/bd/mb_block/ip/mb_block_axi_gpio_1_0/mb_block_axi_gpio_1_0.xdc] for cell 'mb_block_i/usb_keycode/U0'
Finished Parsing XDC File [d:/SpartanTracker/lab7_2/lab7_2.gen/sources_1/bd/mb_block/ip/mb_block_axi_gpio_1_0/mb_block_axi_gpio_1_0.xdc] for cell 'mb_block_i/usb_keycode/U0'
Parsing XDC File [d:/SpartanTracker/lab7_2/lab7_2.gen/sources_1/bd/mb_block/ip/mb_block_clk_wiz_1_0/mb_block_clk_wiz_1_0_board.xdc] for cell 'mb_block_i/synth_clock/inst'
Finished Parsing XDC File [d:/SpartanTracker/lab7_2/lab7_2.gen/sources_1/bd/mb_block/ip/mb_block_clk_wiz_1_0/mb_block_clk_wiz_1_0_board.xdc] for cell 'mb_block_i/synth_clock/inst'
Parsing XDC File [d:/SpartanTracker/lab7_2/lab7_2.gen/sources_1/bd/mb_block/ip/mb_block_clk_wiz_1_0/mb_block_clk_wiz_1_0.xdc] for cell 'mb_block_i/synth_clock/inst'
INFO: [Timing 38-2] Deriving generated clocks [d:/SpartanTracker/lab7_2/lab7_2.gen/sources_1/bd/mb_block/ip/mb_block_clk_wiz_1_0/mb_block_clk_wiz_1_0.xdc:57]
Finished Parsing XDC File [d:/SpartanTracker/lab7_2/lab7_2.gen/sources_1/bd/mb_block/ip/mb_block_clk_wiz_1_0/mb_block_clk_wiz_1_0.xdc] for cell 'mb_block_i/synth_clock/inst'
Parsing XDC File [d:/SpartanTracker/lab7_2/lab7_2.gen/sources_1/bd/mb_block/ip/mb_block_axi_gpio_0_2/mb_block_axi_gpio_0_2_board.xdc] for cell 'mb_block_i/axi_cursor/U0'
Finished Parsing XDC File [d:/SpartanTracker/lab7_2/lab7_2.gen/sources_1/bd/mb_block/ip/mb_block_axi_gpio_0_2/mb_block_axi_gpio_0_2_board.xdc] for cell 'mb_block_i/axi_cursor/U0'
Parsing XDC File [d:/SpartanTracker/lab7_2/lab7_2.gen/sources_1/bd/mb_block/ip/mb_block_axi_gpio_0_2/mb_block_axi_gpio_0_2.xdc] for cell 'mb_block_i/axi_cursor/U0'
Finished Parsing XDC File [d:/SpartanTracker/lab7_2/lab7_2.gen/sources_1/bd/mb_block/ip/mb_block_axi_gpio_0_2/mb_block_axi_gpio_0_2.xdc] for cell 'mb_block_i/axi_cursor/U0'
Parsing XDC File [d:/SpartanTracker/lab7_2/lab7_2.gen/sources_1/bd/mb_block/ip/mb_block_hdmi_tc_v2_0_0/src/clk_wiz_ip/clk_wiz_ip.xdc] for cell 'mb_block_i/hdmi_tc_v2_0/inst/clk_wiz/inst'
Finished Parsing XDC File [d:/SpartanTracker/lab7_2/lab7_2.gen/sources_1/bd/mb_block/ip/mb_block_hdmi_tc_v2_0_0/src/clk_wiz_ip/clk_wiz_ip.xdc] for cell 'mb_block_i/hdmi_tc_v2_0/inst/clk_wiz/inst'
Parsing XDC File [D:/SpartanTracker/lab7_2/lab7_2.srcs/constrs_1/imports/pin_assignment/mb_usb_hdmi_top.xdc]
Finished Parsing XDC File [D:/SpartanTracker/lab7_2/lab7_2.srcs/constrs_1/imports/pin_assignment/mb_usb_hdmi_top.xdc]
Parsing XDC File [d:/SpartanTracker/lab7_2/lab7_2.gen/sources_1/bd/mb_block/ip/mb_block_microblaze_0_axi_intc_0/mb_block_microblaze_0_axi_intc_0_clocks.xdc] for cell 'mb_block_i/microblaze_0_axi_intc/U0'
Finished Parsing XDC File [d:/SpartanTracker/lab7_2/lab7_2.gen/sources_1/bd/mb_block/ip/mb_block_microblaze_0_axi_intc_0/mb_block_microblaze_0_axi_intc_0_clocks.xdc] for cell 'mb_block_i/microblaze_0_axi_intc/U0'
Parsing XDC File [d:/SpartanTracker/lab7_2/lab7_2.gen/sources_1/bd/mb_block/ip/mb_block_mdm_1_0/mb_block_mdm_1_0.xdc] for cell 'mb_block_i/mdm_1/U0'
Finished Parsing XDC File [d:/SpartanTracker/lab7_2/lab7_2.gen/sources_1/bd/mb_block/ip/mb_block_mdm_1_0/mb_block_mdm_1_0.xdc] for cell 'mb_block_i/mdm_1/U0'
Parsing XDC File [d:/SpartanTracker/lab7_2/lab7_2.gen/sources_1/bd/mb_block/ip/mb_block_axi_quad_spi_0_0/mb_block_axi_quad_spi_0_0_clocks.xdc] for cell 'mb_block_i/spi_usb/U0'
Finished Parsing XDC File [d:/SpartanTracker/lab7_2/lab7_2.gen/sources_1/bd/mb_block/ip/mb_block_axi_quad_spi_0_0/mb_block_axi_quad_spi_0_0_clocks.xdc] for cell 'mb_block_i/spi_usb/U0'
Parsing XDC File [d:/SpartanTracker/lab7_2/lab7_2.gen/sources_1/bd/mb_block/ip/mb_block_hdmi_tc_v2_0_0/src/clk_wiz_ip/clk_wiz_ip_late.xdc] for cell 'mb_block_i/hdmi_tc_v2_0/inst/clk_wiz/inst'
Finished Parsing XDC File [d:/SpartanTracker/lab7_2/lab7_2.gen/sources_1/bd/mb_block/ip/mb_block_hdmi_tc_v2_0_0/src/clk_wiz_ip/clk_wiz_ip_late.xdc] for cell 'mb_block_i/hdmi_tc_v2_0/inst/clk_wiz/inst'
WARNING: [XPM_CDC_GRAY: TCL-1000] The source and destination clocks are the same. 
     Instance: mb_block_i/spi_usb/U0/NO_DUAL_QUAD_MODE.QSPI_NORMAL/QSPI_LEGACY_MD_GEN.QSPI_CORE_INTERFACE_I/FIFO_EXISTS.TX_FIFO_II/xpm_fifo_instance.xpm_fifo_async_inst/gnuram_async_fifo.xpm_fifo_base_inst/gen_cdc_pntr.rd_pntr_cdc_inst 
  This will add unnecessary latency to the design. Please check the design for the following: 
 1) Manually instantiated XPM_CDC modules: Xilinx recommends that you remove these modules. 
 2) Xilinx IP that contains XPM_CDC modules: Verify the connections to the IP to determine whether you can safely ignore this message.
 [C:/Xilinx/Vivado/2022.2/data/ip/xpm/xpm_cdc/tcl/xpm_cdc_gray.tcl:16]
WARNING: [XPM_CDC_GRAY: TCL-1000] The source and destination clocks are the same. 
     Instance: mb_block_i/spi_usb/U0/NO_DUAL_QUAD_MODE.QSPI_NORMAL/QSPI_LEGACY_MD_GEN.QSPI_CORE_INTERFACE_I/FIFO_EXISTS.RX_FIFO_II/gnuram_async_fifo.xpm_fifo_base_inst/gen_cdc_pntr.wr_pntr_cdc_inst 
  This will add unnecessary latency to the design. Please check the design for the following: 
 1) Manually instantiated XPM_CDC modules: Xilinx recommends that you remove these modules. 
 2) Xilinx IP that contains XPM_CDC modules: Verify the connections to the IP to determine whether you can safely ignore this message.
 [C:/Xilinx/Vivado/2022.2/data/ip/xpm/xpm_cdc/tcl/xpm_cdc_gray.tcl:16]
WARNING: [XPM_CDC_GRAY: TCL-1000] The source and destination clocks are the same. 
     Instance: mb_block_i/spi_usb/U0/NO_DUAL_QUAD_MODE.QSPI_NORMAL/QSPI_LEGACY_MD_GEN.QSPI_CORE_INTERFACE_I/FIFO_EXISTS.RX_FIFO_II/gnuram_async_fifo.xpm_fifo_base_inst/gen_cdc_pntr.rd_pntr_cdc_inst 
  This will add unnecessary latency to the design. Please check the design for the following: 
 1) Manually instantiated XPM_CDC modules: Xilinx recommends that you remove these modules. 
 2) Xilinx IP that contains XPM_CDC modules: Verify the connections to the IP to determine whether you can safely ignore this message.
 [C:/Xilinx/Vivado/2022.2/data/ip/xpm/xpm_cdc/tcl/xpm_cdc_gray.tcl:16]
WARNING: [XPM_CDC_GRAY: TCL-1000] The source and destination clocks are the same. 
     Instance: mb_block_i/spi_usb/U0/NO_DUAL_QUAD_MODE.QSPI_NORMAL/QSPI_LEGACY_MD_GEN.QSPI_CORE_INTERFACE_I/FIFO_EXISTS.TX_FIFO_II/xpm_fifo_instance.xpm_fifo_async_inst/gnuram_async_fifo.xpm_fifo_base_inst/gen_cdc_pntr.wr_pntr_cdc_inst 
  This will add unnecessary latency to the design. Please check the design for the following: 
 1) Manually instantiated XPM_CDC modules: Xilinx recommends that you remove these modules. 
 2) Xilinx IP that contains XPM_CDC modules: Verify the connections to the IP to determine whether you can safely ignore this message.
 [C:/Xilinx/Vivado/2022.2/data/ip/xpm/xpm_cdc/tcl/xpm_cdc_gray.tcl:16]
WARNING: [XPM_CDC_GRAY: TCL-1000] The source and destination clocks are the same. 
     Instance: mb_block_i/spi_usb/U0/NO_DUAL_QUAD_MODE.QSPI_NORMAL/QSPI_LEGACY_MD_GEN.QSPI_CORE_INTERFACE_I/FIFO_EXISTS.TX_FIFO_II/xpm_fifo_instance.xpm_fifo_async_inst/gnuram_async_fifo.xpm_fifo_base_inst/gen_cdc_pntr.wr_pntr_cdc_dc_inst 
  This will add unnecessary latency to the design. Please check the design for the following: 
 1) Manually instantiated XPM_CDC modules: Xilinx recommends that you remove these modules. 
 2) Xilinx IP that contains XPM_CDC modules: Verify the connections to the IP to determine whether you can safely ignore this message.
 [C:/Xilinx/Vivado/2022.2/data/ip/xpm/xpm_cdc/tcl/xpm_cdc_gray.tcl:16]
WARNING: [XPM_CDC_GRAY: TCL-1000] The source and destination clocks are the same. 
     Instance: mb_block_i/spi_usb/U0/NO_DUAL_QUAD_MODE.QSPI_NORMAL/QSPI_LEGACY_MD_GEN.QSPI_CORE_INTERFACE_I/FIFO_EXISTS.RX_FIFO_II/gnuram_async_fifo.xpm_fifo_base_inst/gen_cdc_pntr.wr_pntr_cdc_dc_inst 
  This will add unnecessary latency to the design. Please check the design for the following: 
 1) Manually instantiated XPM_CDC modules: Xilinx recommends that you remove these modules. 
 2) Xilinx IP that contains XPM_CDC modules: Verify the connections to the IP to determine whether you can safely ignore this message.
 [C:/Xilinx/Vivado/2022.2/data/ip/xpm/xpm_cdc/tcl/xpm_cdc_gray.tcl:16]
WARNING: [XPM_CDC_GRAY: TCL-1000] The source and destination clocks are the same. 
     Instance: mb_block_i/spi_usb/U0/NO_DUAL_QUAD_MODE.QSPI_NORMAL/QSPI_LEGACY_MD_GEN.QSPI_CORE_INTERFACE_I/FIFO_EXISTS.TX_FIFO_II/xpm_fifo_instance.xpm_fifo_async_inst/gnuram_async_fifo.xpm_fifo_base_inst/gen_cdc_pntr.rd_pntr_cdc_dc_inst 
  This will add unnecessary latency to the design. Please check the design for the following: 
 1) Manually instantiated XPM_CDC modules: Xilinx recommends that you remove these modules. 
 2) Xilinx IP that contains XPM_CDC modules: Verify the connections to the IP to determine whether you can safely ignore this message.
 [C:/Xilinx/Vivado/2022.2/data/ip/xpm/xpm_cdc/tcl/xpm_cdc_gray.tcl:16]
WARNING: [XPM_CDC_GRAY: TCL-1000] The source and destination clocks are the same. 
     Instance: mb_block_i/spi_usb/U0/NO_DUAL_QUAD_MODE.QSPI_NORMAL/QSPI_LEGACY_MD_GEN.QSPI_CORE_INTERFACE_I/FIFO_EXISTS.RX_FIFO_II/gnuram_async_fifo.xpm_fifo_base_inst/gen_cdc_pntr.rd_pntr_cdc_dc_inst 
  This will add unnecessary latency to the design. Please check the design for the following: 
 1) Manually instantiated XPM_CDC modules: Xilinx recommends that you remove these modules. 
 2) Xilinx IP that contains XPM_CDC modules: Verify the connections to the IP to determine whether you can safely ignore this message.
 [C:/Xilinx/Vivado/2022.2/data/ip/xpm/xpm_cdc/tcl/xpm_cdc_gray.tcl:16]
INFO: [Project 1-1714] 14 XPM XDC files have been applied to the design.
INFO: [Opt 31-138] Pushed 0 inverter(s) to 0 load pin(s).
WARNING: [Constraints 18-5572] Instance mb_block_i/spi_usb/U0/NO_DUAL_QUAD_MODE.QSPI_NORMAL/IO0_I_REG has IOB constraint set, However, the instance does not seem to have valid I/O connection to be placed into I/O. The constraint on the instance will be ignored.
Generating merged BMM file for the design top 'tracker_top'...
INFO: [Memdata 28-144] Successfully populated the BRAM INIT strings from the following elf files: d:/SpartanTracker/lab7_2/lab7_2.gen/sources_1/bd/mb_block/ip/mb_block_microblaze_0_0/data/mb_bootloop_le.elf 
Netlist sorting complete. Time (s): cpu = 00:00:00 ; elapsed = 00:00:00.005 . Memory (MB): peak = 2120.258 ; gain = 0.000
INFO: [Project 1-111] Unisim Transformation Summary:
  A total of 279 instances were transformed.
  LUT6_2 => LUT6_2 (LUT5, LUT6): 145 instances
  RAM16X1D => RAM32X1D (RAMD32(x2)): 32 instances
  RAM32M => RAM32M (RAMD32(x6), RAMS32(x2)): 34 instances
  RAM32X1D => RAM32X1D (RAMD32(x2)): 68 instances

35 Infos, 13 Warnings, 0 Critical Warnings and 0 Errors encountered.
link_design completed successfully
link_design: Time (s): cpu = 00:00:11 ; elapsed = 00:00:17 . Memory (MB): peak = 2120.258 ; gain = 1052.504
INFO: [Common 17-600] The following parameters have non-default value.
general.maxThreads
Command: opt_design
Attempting to get a license for feature 'Implementation' and/or device 'xc7s50'
INFO: [Common 17-349] Got license for feature 'Implementation' and/or device 'xc7s50'
Running DRC as a precondition to command opt_design

Starting DRC Task
INFO: [DRC 23-27] Running DRC with 8 threads
INFO: [Project 1-461] DRC finished with 0 Errors
INFO: [Project 1-462] Please refer to the DRC report (report_drc) for more information.

Time (s): cpu = 00:00:01 ; elapsed = 00:00:00.847 . Memory (MB): peak = 2120.258 ; gain = 0.000

Starting Cache Timing Information Task
INFO: [Timing 38-35] Done setting XDC timing constraints.
Ending Cache Timing Information Task | Checksum: 14d691293

Time (s): cpu = 00:00:00 ; elapsed = 00:00:00.225 . Memory (MB): peak = 2120.258 ; gain = 0.000

Starting Logic Optimization Task

Phase 1 Retarget
INFO: [Opt 31-1287] Pulled Inverter PhraseData_1/i__carry_i_1 into driver instance PhraseData_1/i__carry_i_4, which resulted in an inversion of 6 pins
INFO: [Opt 31-1287] Pulled Inverter PhraseData_1/mb_block_i_i_10 into driver instance PhraseData_1/mb_block_i_i_41, which resulted in an inversion of 10 pins
INFO: [Opt 31-1287] Pulled Inverter PhraseData_1/mb_block_i_i_11 into driver instance PhraseData_1/mb_block_i_i_42, which resulted in an inversion of 10 pins
INFO: [Opt 31-1287] Pulled Inverter PhraseData_1/mb_block_i_i_12 into driver instance PhraseData_1/mb_block_i_i_43, which resulted in an inversion of 11 pins
INFO: [Opt 31-1287] Pulled Inverter PhraseData_1/mb_block_i_i_13 into driver instance PhraseData_1/mb_block_i_i_44, which resulted in an inversion of 11 pins
INFO: [Opt 31-1287] Pulled Inverter PhraseData_1/mb_block_i_i_2 into driver instance PhraseData_1/mb_block_i_i_25, which resulted in an inversion of 24 pins
INFO: [Opt 31-1287] Pulled Inverter PhraseData_1/mb_block_i_i_5 into driver instance PhraseData_1/mb_block_i_i_36, which resulted in an inversion of 22 pins
INFO: [Opt 31-1287] Pulled Inverter PhraseData_1/mb_block_i_i_6 into driver instance PhraseData_1/mb_block_i_i_37, which resulted in an inversion of 23 pins
INFO: [Opt 31-1287] Pulled Inverter PhraseData_1/mb_block_i_i_7 into driver instance PhraseData_1/mb_block_i_i_38, which resulted in an inversion of 26 pins
INFO: [Opt 31-1287] Pulled Inverter PhraseData_1/mb_block_i_i_8 into driver instance PhraseData_1/mb_block_i_i_39, which resulted in an inversion of 19 pins
INFO: [Opt 31-1287] Pulled Inverter PhraseData_1/mb_block_i_i_9 into driver instance PhraseData_1/mb_block_i_i_40, which resulted in an inversion of 16 pins
INFO: [Opt 31-1287] Pulled Inverter mb_block_i/mdm_1/U0/MDM_Core_I1/JTAG_CONTROL_I/Use_BSCAN.FDC_I/Use_Serial_Unified_Completion.Completion_Status_Register.sample_1[15]_i_1 into driver instance mb_block_i/mdm_1/U0/MDM_Core_I1/JTAG_CONTROL_I/Use_BSCAN.FDC_I/Use_Serial_Unified_Completion.Completion_Status_Register.sample_1[15]_i_2, which resulted in an inversion of 14 pins
INFO: [Opt 31-1287] Pulled Inverter mb_block_i/spi_usb/U0/NO_DUAL_QUAD_MODE.QSPI_NORMAL/QSPI_LEGACY_MD_GEN.QSPI_CORE_INTERFACE_I/FIFO_EXISTS.RX_FIFO_II/gnuram_async_fifo.xpm_fifo_base_inst/xpm_fifo_rst_inst/FSM_onehot_gen_rst_ic.curr_wrst_state[4]_i_1 into driver instance mb_block_i/spi_usb/U0/NO_DUAL_QUAD_MODE.QSPI_NORMAL/QSPI_LEGACY_MD_GEN.QSPI_CORE_INTERFACE_I/FIFO_EXISTS.RX_FIFO_II/gnuram_async_fifo.xpm_fifo_base_inst/xpm_fifo_rst_inst//i_, which resulted in an inversion of 2 pins
INFO: [Opt 31-1287] Pulled Inverter mb_block_i/spi_usb/U0/NO_DUAL_QUAD_MODE.QSPI_NORMAL/QSPI_LEGACY_MD_GEN.QSPI_CORE_INTERFACE_I/FIFO_EXISTS.TX_FIFO_II/xpm_fifo_instance.xpm_fifo_async_inst/gnuram_async_fifo.xpm_fifo_base_inst/xpm_fifo_rst_inst/FSM_onehot_gen_rst_ic.curr_wrst_state[4]_i_1 into driver instance mb_block_i/spi_usb/U0/NO_DUAL_QUAD_MODE.QSPI_NORMAL/QSPI_LEGACY_MD_GEN.QSPI_CORE_INTERFACE_I/FIFO_EXISTS.TX_FIFO_II/xpm_fifo_instance.xpm_fifo_async_inst/gnuram_async_fifo.xpm_fifo_base_inst/xpm_fifo_rst_inst//i_, which resulted in an inversion of 2 pins
INFO: [Opt 31-1287] Pulled Inverter mb_block_i/spi_usb/U0/NO_DUAL_QUAD_MODE.QSPI_NORMAL/QSPI_LEGACY_MD_GEN.QSPI_CORE_INTERFACE_I/LOGIC_FOR_MD_0_GEN.SPI_MODULE_I/LOCAL_TX_EMPTY_FIFO_12_GEN.stop_clock_reg_i_1 into driver instance mb_block_i/spi_usb/U0/NO_DUAL_QUAD_MODE.QSPI_NORMAL/QSPI_LEGACY_MD_GEN.QSPI_CORE_INTERFACE_I/LOGIC_FOR_MD_0_GEN.SPI_MODULE_I/SS_O[0]_i_2, which resulted in an inversion of 3 pins
INFO: [Opt 31-1287] Pulled Inverter mb_block_i/synth_clock/inst/mmcm_adv_inst_i_1 into driver instance mb_block_i_i_18, which resulted in an inversion of 2 pins
INFO: [Opt 31-138] Pushed 2 inverter(s) to 3 load pin(s).
INFO: [Opt 31-49] Retargeted 0 cell(s).
Phase 1 Retarget | Checksum: 1c1f5910f

Time (s): cpu = 00:00:00 ; elapsed = 00:00:00.348 . Memory (MB): peak = 2451.238 ; gain = 0.000
INFO: [Opt 31-389] Phase Retarget created 218 cells and removed 344 cells
INFO: [Opt 31-1021] In phase Retarget, 5 netlist objects are constrained preventing optimization. Please run opt_design with -debug_log to get more detail. 

Phase 2 Constant propagation
INFO: [Opt 31-138] Pushed 8 inverter(s) to 14 load pin(s).
Phase 2 Constant propagation | Checksum: 14dd13671

Time (s): cpu = 00:00:00 ; elapsed = 00:00:00.432 . Memory (MB): peak = 2451.238 ; gain = 0.000
INFO: [Opt 31-389] Phase Constant propagation created 129 cells and removed 300 cells
INFO: [Opt 31-1021] In phase Constant propagation, 2 netlist objects are constrained preventing optimization. Please run opt_design with -debug_log to get more detail. 

Phase 3 Sweep
Phase 3 Sweep | Checksum: 1ce5e0e68

Time (s): cpu = 00:00:01 ; elapsed = 00:00:00.642 . Memory (MB): peak = 2451.238 ; gain = 0.000
INFO: [Opt 31-389] Phase Sweep created 0 cells and removed 271 cells
INFO: [Opt 31-1021] In phase Sweep, 7 netlist objects are constrained preventing optimization. Please run opt_design with -debug_log to get more detail. 

Phase 4 BUFG optimization
INFO: [Opt 31-194] Inserted BUFG clk_100MHz_IBUF_BUFG_inst to drive 149 load(s) on clock net clk_100MHz_IBUF_BUFG
INFO: [Opt 31-194] Inserted BUFG mb_block_i/mdm_1/U0/Use_E2.BSCAN_I/Dbg_Update_0_BUFG_inst to drive 40 load(s) on clock net mb_block_i/mdm_1/U0/Use_E2.BSCAN_I/Dbg_Update_0_BUFG
INFO: [Opt 31-193] Inserted 2 BUFG(s) on clock nets
Phase 4 BUFG optimization | Checksum: 17e385a5b

Time (s): cpu = 00:00:01 ; elapsed = 00:00:00.743 . Memory (MB): peak = 2451.238 ; gain = 0.000
INFO: [Opt 31-662] Phase BUFG optimization created 2 cells of which 2 are BUFGs and removed 0 cells.

Phase 5 Shift Register Optimization
INFO: [Opt 31-1064] SRL Remap converted 0 SRLs to 0 registers and converted 0 registers of register chains to 0 SRLs
Phase 5 Shift Register Optimization | Checksum: 17e385a5b

Time (s): cpu = 00:00:01 ; elapsed = 00:00:00.757 . Memory (MB): peak = 2451.238 ; gain = 0.000
INFO: [Opt 31-389] Phase Shift Register Optimization created 0 cells and removed 0 cells

Phase 6 Post Processing Netlist
Phase 6 Post Processing Netlist | Checksum: 23ae3fbc3

Time (s): cpu = 00:00:01 ; elapsed = 00:00:00.785 . Memory (MB): peak = 2451.238 ; gain = 0.000
INFO: [Opt 31-389] Phase Post Processing Netlist created 0 cells and removed 0 cells
INFO: [Opt 31-1021] In phase Post Processing Netlist, 2 netlist objects are constrained preventing optimization. Please run opt_design with -debug_log to get more detail. 
Opt_design Change Summary
=========================


-------------------------------------------------------------------------------------------------------------------------
|  Phase                        |  #Cells created  |  #Cells Removed  |  #Constrained objects preventing optimizations  |
-------------------------------------------------------------------------------------------------------------------------
|  Retarget                     |             218  |             344  |                                              5  |
|  Constant propagation         |             129  |             300  |                                              2  |
|  Sweep                        |               0  |             271  |                                              7  |
|  BUFG optimization            |               2  |               0  |                                              0  |
|  Shift Register Optimization  |               0  |               0  |                                              0  |
|  Post Processing Netlist      |               0  |               0  |                                              2  |
-------------------------------------------------------------------------------------------------------------------------



Starting Connectivity Check Task

Time (s): cpu = 00:00:00 ; elapsed = 00:00:00.020 . Memory (MB): peak = 2451.238 ; gain = 0.000
Ending Logic Optimization Task | Checksum: 20a27164c

Time (s): cpu = 00:00:01 ; elapsed = 00:00:00.939 . Memory (MB): peak = 2451.238 ; gain = 0.000

Starting Power Optimization Task
INFO: [Pwropt 34-132] Skipping clock gating for clocks with a period < 2.00 ns.
INFO: [Timing 38-35] Done setting XDC timing constraints.
Running Vector-less Activity Propagation...

Finished Running Vector-less Activity Propagation
INFO: [Pwropt 34-9] Applying IDT optimizations ...
INFO: [Pwropt 34-10] Applying ODC optimizations ...


Starting PowerOpt Patch Enables Task
INFO: [Pwropt 34-162] WRITE_MODE attribute of 0 BRAM(s) out of a total of 34 has been updated to save power. Run report_power_opt to get a complete listing of the BRAMs updated.
INFO: [Pwropt 34-201] Structural ODC has moved 0 WE to EN ports
Number of BRAM Ports augmented: 0 newly gated: 0 Total Ports: 68
Ending PowerOpt Patch Enables Task | Checksum: 20a27164c

Time (s): cpu = 00:00:00 ; elapsed = 00:00:00.170 . Memory (MB): peak = 2666.957 ; gain = 0.000
Ending Power Optimization Task | Checksum: 20a27164c

Time (s): cpu = 00:00:04 ; elapsed = 00:00:04 . Memory (MB): peak = 2666.957 ; gain = 215.719

Starting Final Cleanup Task
Ending Final Cleanup Task | Checksum: 20a27164c

Time (s): cpu = 00:00:00 ; elapsed = 00:00:00.003 . Memory (MB): peak = 2666.957 ; gain = 0.000

Starting Netlist Obfuscation Task
Netlist sorting complete. Time (s): cpu = 00:00:00 ; elapsed = 00:00:00.010 . Memory (MB): peak = 2666.957 ; gain = 0.000
Ending Netlist Obfuscation Task | Checksum: 20a27164c

Time (s): cpu = 00:00:00 ; elapsed = 00:00:00.012 . Memory (MB): peak = 2666.957 ; gain = 0.000
INFO: [Common 17-83] Releasing license: Implementation
81 Infos, 13 Warnings, 0 Critical Warnings and 0 Errors encountered.
opt_design completed successfully
opt_design: Time (s): cpu = 00:00:08 ; elapsed = 00:00:08 . Memory (MB): peak = 2666.957 ; gain = 546.699
INFO: [Common 17-600] The following parameters have non-default value.
general.maxThreads
INFO: [Timing 38-35] Done setting XDC timing constraints.
INFO: [Timing 38-480] Writing timing data to binary archive.
Writing XDEF routing.
Writing XDEF routing logical nets.
Writing XDEF routing special nets.
Write XDEF Complete: Time (s): cpu = 00:00:00 ; elapsed = 00:00:00.057 . Memory (MB): peak = 2666.957 ; gain = 0.000
INFO: [Common 17-1381] The checkpoint 'D:/SpartanTracker/lab7_2/lab7_2.runs/impl_1/tracker_top_opt.dcp' has been generated.
INFO: [runtcl-4] Executing : report_drc -file tracker_top_drc_opted.rpt -pb tracker_top_drc_opted.pb -rpx tracker_top_drc_opted.rpx
Command: report_drc -file tracker_top_drc_opted.rpt -pb tracker_top_drc_opted.pb -rpx tracker_top_drc_opted.rpx
INFO: [IP_Flow 19-1839] IP Catalog is up to date.
INFO: [DRC 23-27] Running DRC with 8 threads
INFO: [Vivado_Tcl 2-168] The results of DRC are in file D:/SpartanTracker/lab7_2/lab7_2.runs/impl_1/tracker_top_drc_opted.rpt.
report_drc completed successfully
Command: place_design
Attempting to get a license for feature 'Implementation' and/or device 'xc7s50'
INFO: [Common 17-349] Got license for feature 'Implementation' and/or device 'xc7s50'
INFO: [DRC 23-27] Running DRC with 8 threads
INFO: [Vivado_Tcl 4-198] DRC finished with 0 Errors
INFO: [Vivado_Tcl 4-199] Please refer to the DRC report (report_drc) for more information.
Running DRC as a precondition to command place_design
INFO: [DRC 23-27] Running DRC with 8 threads
INFO: [Vivado_Tcl 4-198] DRC finished with 0 Errors, 21 Warnings
INFO: [Vivado_Tcl 4-199] Please refer to the DRC report (report_drc) for more information.

Starting Placer Task
INFO: [Place 30-611] Multithreading enabled for place_design using a maximum of 8 CPUs

Phase 1 Placer Initialization

Phase 1.1 Placer Initialization Netlist Sorting
Netlist sorting complete. Time (s): cpu = 00:00:00 ; elapsed = 00:00:00.007 . Memory (MB): peak = 2666.957 ; gain = 0.000
Phase 1.1 Placer Initialization Netlist Sorting | Checksum: 119d8ba09

Time (s): cpu = 00:00:00 ; elapsed = 00:00:00.013 . Memory (MB): peak = 2666.957 ; gain = 0.000
Netlist sorting complete. Time (s): cpu = 00:00:00 ; elapsed = 00:00:00.007 . Memory (MB): peak = 2666.957 ; gain = 0.000

Phase 1.2 IO Placement/ Clock Placement/ Build Placer Device
Phase 1.2 IO Placement/ Clock Placement/ Build Placer Device | Checksum: 167cdeda7

Time (s): cpu = 00:00:01 ; elapsed = 00:00:00.488 . Memory (MB): peak = 2666.957 ; gain = 0.000

Phase 1.3 Build Placer Netlist Model
Phase 1.3 Build Placer Netlist Model | Checksum: 1fa8e6fde

Time (s): cpu = 00:00:03 ; elapsed = 00:00:02 . Memory (MB): peak = 2666.957 ; gain = 0.000

Phase 1.4 Constrain Clocks/Macros
Phase 1.4 Constrain Clocks/Macros | Checksum: 1fa8e6fde

Time (s): cpu = 00:00:03 ; elapsed = 00:00:02 . Memory (MB): peak = 2666.957 ; gain = 0.000
Phase 1 Placer Initialization | Checksum: 1fa8e6fde

Time (s): cpu = 00:00:03 ; elapsed = 00:00:02 . Memory (MB): peak = 2666.957 ; gain = 0.000

Phase 2 Global Placement

Phase 2.1 Floorplanning
Phase 2.1 Floorplanning | Checksum: 211f32a87

Time (s): cpu = 00:00:03 ; elapsed = 00:00:02 . Memory (MB): peak = 2666.957 ; gain = 0.000

Phase 2.2 Update Timing before SLR Path Opt
Phase 2.2 Update Timing before SLR Path Opt | Checksum: 206d885f1

Time (s): cpu = 00:00:04 ; elapsed = 00:00:03 . Memory (MB): peak = 2666.957 ; gain = 0.000

Phase 2.3 Post-Processing in Floorplanning
Phase 2.3 Post-Processing in Floorplanning | Checksum: 206d885f1

Time (s): cpu = 00:00:04 ; elapsed = 00:00:03 . Memory (MB): peak = 2666.957 ; gain = 0.000

Phase 2.4 Global Placement Core

Phase 2.4.1 UpdateTiming Before Physical Synthesis
Phase 2.4.1 UpdateTiming Before Physical Synthesis | Checksum: 228e5b783

Time (s): cpu = 00:00:14 ; elapsed = 00:00:11 . Memory (MB): peak = 2666.957 ; gain = 0.000

Phase 2.4.2 Physical Synthesis In Placer
INFO: [Physopt 32-1035] Found 0 LUTNM shape to break, 305 LUT instances to create LUTNM shape
INFO: [Physopt 32-1044] Break lutnm for timing: one critical 0, two critical 0, total 0, new lutff created 0
INFO: [Physopt 32-1138] End 1 Pass. Optimized 102 nets or LUTs. Breaked 0 LUT, combined 102 existing LUTs and moved 0 existing LUT
INFO: [Physopt 32-65] No nets found for high-fanout optimization.
INFO: [Physopt 32-232] Optimized 0 net. Created 0 new instance.
INFO: [Physopt 32-775] End 1 Pass. Optimized 0 net or cell. Created 0 new cell, deleted 0 existing cell and moved 0 existing cell
INFO: [Physopt 32-670] No setup violation found.  DSP Register Optimization was not performed.
INFO: [Physopt 32-670] No setup violation found.  Shift Register to Pipeline Optimization was not performed.
INFO: [Physopt 32-670] No setup violation found.  Shift Register Optimization was not performed.
INFO: [Physopt 32-670] No setup violation found.  BRAM Register Optimization was not performed.
INFO: [Physopt 32-670] No setup violation found.  URAM Register Optimization was not performed.
INFO: [Physopt 32-949] No candidate nets found for dynamic/static region interface net replication
INFO: [Physopt 32-775] End 1 Pass. Optimized 0 net or cell. Created 0 new cell, deleted 0 existing cell and moved 0 existing cell
Netlist sorting complete. Time (s): cpu = 00:00:00 ; elapsed = 00:00:00.009 . Memory (MB): peak = 2666.957 ; gain = 0.000

Summary of Physical Synthesis Optimizations
============================================


-----------------------------------------------------------------------------------------------------------------------------------------------------------
|  Optimization                                     |  Added Cells  |  Removed Cells  |  Optimized Cells/Nets  |  Dont Touch  |  Iterations  |  Elapsed   |
-----------------------------------------------------------------------------------------------------------------------------------------------------------
|  LUT Combining                                    |            0  |            102  |                   102  |           0  |           1  |  00:00:00  |
|  Retime                                           |            0  |              0  |                     0  |           0  |           1  |  00:00:00  |
|  Very High Fanout                                 |            0  |              0  |                     0  |           0  |           1  |  00:00:00  |
|  DSP Register                                     |            0  |              0  |                     0  |           0  |           0  |  00:00:00  |
|  Shift Register to Pipeline                       |            0  |              0  |                     0  |           0  |           0  |  00:00:00  |
|  Shift Register                                   |            0  |              0  |                     0  |           0  |           0  |  00:00:00  |
|  BRAM Register                                    |            0  |              0  |                     0  |           0  |           0  |  00:00:00  |
|  URAM Register                                    |            0  |              0  |                     0  |           0  |           0  |  00:00:00  |
|  Dynamic/Static Region Interface Net Replication  |            0  |              0  |                     0  |           0  |           1  |  00:00:00  |
|  Total                                            |            0  |            102  |                   102  |           0  |           4  |  00:00:00  |
-----------------------------------------------------------------------------------------------------------------------------------------------------------


Phase 2.4.2 Physical Synthesis In Placer | Checksum: 1e1bf6e4f

Time (s): cpu = 00:00:15 ; elapsed = 00:00:12 . Memory (MB): peak = 2666.957 ; gain = 0.000
Phase 2.4 Global Placement Core | Checksum: 240ae5a6b

Time (s): cpu = 00:00:16 ; elapsed = 00:00:12 . Memory (MB): peak = 2666.957 ; gain = 0.000
Phase 2 Global Placement | Checksum: 240ae5a6b

Time (s): cpu = 00:00:16 ; elapsed = 00:00:12 . Memory (MB): peak = 2666.957 ; gain = 0.000

Phase 3 Detail Placement

Phase 3.1 Commit Multi Column Macros
Phase 3.1 Commit Multi Column Macros | Checksum: 18bb70048

Time (s): cpu = 00:00:16 ; elapsed = 00:00:12 . Memory (MB): peak = 2666.957 ; gain = 0.000

Phase 3.2 Commit Most Macros & LUTRAMs
Phase 3.2 Commit Most Macros & LUTRAMs | Checksum: 129b27b69

Time (s): cpu = 00:00:17 ; elapsed = 00:00:13 . Memory (MB): peak = 2666.957 ; gain = 0.000

Phase 3.3 Area Swap Optimization
Phase 3.3 Area Swap Optimization | Checksum: 128a0bbca

Time (s): cpu = 00:00:17 ; elapsed = 00:00:13 . Memory (MB): peak = 2666.957 ; gain = 0.000

Phase 3.4 Pipeline Register Optimization
Phase 3.4 Pipeline Register Optimization | Checksum: 198ff0016

Time (s): cpu = 00:00:18 ; elapsed = 00:00:13 . Memory (MB): peak = 2666.957 ; gain = 0.000

Phase 3.5 Small Shape Detail Placement
Phase 3.5 Small Shape Detail Placement | Checksum: 176fab54d

Time (s): cpu = 00:00:19 ; elapsed = 00:00:15 . Memory (MB): peak = 2666.957 ; gain = 0.000

Phase 3.6 Re-assign LUT pins
Phase 3.6 Re-assign LUT pins | Checksum: 1d7440a1a

Time (s): cpu = 00:00:20 ; elapsed = 00:00:16 . Memory (MB): peak = 2666.957 ; gain = 0.000

Phase 3.7 Pipeline Register Optimization
Phase 3.7 Pipeline Register Optimization | Checksum: 24a5c4bb8

Time (s): cpu = 00:00:20 ; elapsed = 00:00:16 . Memory (MB): peak = 2666.957 ; gain = 0.000
Phase 3 Detail Placement | Checksum: 24a5c4bb8

Time (s): cpu = 00:00:20 ; elapsed = 00:00:16 . Memory (MB): peak = 2666.957 ; gain = 0.000

Phase 4 Post Placement Optimization and Clean-Up

Phase 4.1 Post Commit Optimization
INFO: [Timing 38-35] Done setting XDC timing constraints.

Phase 4.1.1 Post Placement Optimization
Post Placement Optimization Initialization | Checksum: 2520948b4

Phase 4.1.1.1 BUFG Insertion

Starting Physical Synthesis Task

Phase 1 Physical Synthesis Initialization
INFO: [Physopt 32-721] Multithreading enabled for phys_opt_design using a maximum of 8 CPUs
INFO: [Physopt 32-619] Estimated Timing Summary | WNS=-0.289 | TNS=-1.464 |
Phase 1 Physical Synthesis Initialization | Checksum: 24f76d3b8

Time (s): cpu = 00:00:00 ; elapsed = 00:00:00.137 . Memory (MB): peak = 2666.957 ; gain = 0.000
INFO: [Place 46-56] BUFG insertion identified 0 candidate nets. Inserted BUFG: 0, Replicated BUFG Driver: 0, Skipped due to Placement/Routing Conflicts: 0, Skipped due to Timing Degradation: 0, Skipped due to Illegal Netlist: 0.
Ending Physical Synthesis Task | Checksum: 2676d488c

Time (s): cpu = 00:00:00 ; elapsed = 00:00:00.212 . Memory (MB): peak = 2666.957 ; gain = 0.000
Phase 4.1.1.1 BUFG Insertion | Checksum: 2520948b4

Time (s): cpu = 00:00:22 ; elapsed = 00:00:17 . Memory (MB): peak = 2666.957 ; gain = 0.000

Phase 4.1.1.2 Post Placement Timing Optimization
INFO: [Place 30-746] Post Placement Timing Summary WNS=0.505. For the most accurate timing information please run report_timing.
Phase 4.1.1.2 Post Placement Timing Optimization | Checksum: c433dd00

Time (s): cpu = 00:00:24 ; elapsed = 00:00:19 . Memory (MB): peak = 2666.957 ; gain = 0.000

Time (s): cpu = 00:00:24 ; elapsed = 00:00:19 . Memory (MB): peak = 2666.957 ; gain = 0.000
Phase 4.1 Post Commit Optimization | Checksum: c433dd00

Time (s): cpu = 00:00:24 ; elapsed = 00:00:19 . Memory (MB): peak = 2666.957 ; gain = 0.000

Phase 4.2 Post Placement Cleanup
Phase 4.2 Post Placement Cleanup | Checksum: c433dd00

Time (s): cpu = 00:00:24 ; elapsed = 00:00:19 . Memory (MB): peak = 2666.957 ; gain = 0.000

Phase 4.3 Placer Reporting

Phase 4.3.1 Print Estimated Congestion
INFO: [Place 30-612] Post-Placement Estimated Congestion 
 ____________________________________________________
|           | Global Congestion | Short Congestion  |
| Direction | Region Size       | Region Size       |
|___________|___________________|___________________|
|      North|                1x1|                1x1|
|___________|___________________|___________________|
|      South|                1x1|                1x1|
|___________|___________________|___________________|
|       East|                1x1|                1x1|
|___________|___________________|___________________|
|       West|                1x1|                1x1|
|___________|___________________|___________________|

Phase 4.3.1 Print Estimated Congestion | Checksum: c433dd00

Time (s): cpu = 00:00:24 ; elapsed = 00:00:19 . Memory (MB): peak = 2666.957 ; gain = 0.000
Phase 4.3 Placer Reporting | Checksum: c433dd00

Time (s): cpu = 00:00:24 ; elapsed = 00:00:19 . Memory (MB): peak = 2666.957 ; gain = 0.000

Phase 4.4 Final Placement Cleanup
Netlist sorting complete. Time (s): cpu = 00:00:00 ; elapsed = 00:00:00.008 . Memory (MB): peak = 2666.957 ; gain = 0.000

Time (s): cpu = 00:00:24 ; elapsed = 00:00:19 . Memory (MB): peak = 2666.957 ; gain = 0.000
Phase 4 Post Placement Optimization and Clean-Up | Checksum: ab3ec86a

Time (s): cpu = 00:00:24 ; elapsed = 00:00:19 . Memory (MB): peak = 2666.957 ; gain = 0.000
Ending Placer Task | Checksum: 81bb5bc8

Time (s): cpu = 00:00:24 ; elapsed = 00:00:19 . Memory (MB): peak = 2666.957 ; gain = 0.000
INFO: [Common 17-83] Releasing license: Implementation
117 Infos, 13 Warnings, 0 Critical Warnings and 0 Errors encountered.
place_design completed successfully
place_design: Time (s): cpu = 00:00:25 ; elapsed = 00:00:20 . Memory (MB): peak = 2666.957 ; gain = 0.000
INFO: [Common 17-600] The following parameters have non-default value.
general.maxThreads
INFO: [Timing 38-480] Writing timing data to binary archive.
Writing XDEF routing.
Writing XDEF routing logical nets.
Writing XDEF routing special nets.
Write XDEF Complete: Time (s): cpu = 00:00:02 ; elapsed = 00:00:00.777 . Memory (MB): peak = 2666.957 ; gain = 0.000
INFO: [Common 17-1381] The checkpoint 'D:/SpartanTracker/lab7_2/lab7_2.runs/impl_1/tracker_top_placed.dcp' has been generated.
INFO: [runtcl-4] Executing : report_io -file tracker_top_io_placed.rpt
report_io: Time (s): cpu = 00:00:00 ; elapsed = 00:00:00.052 . Memory (MB): peak = 2666.957 ; gain = 0.000
INFO: [runtcl-4] Executing : report_utilization -file tracker_top_utilization_placed.rpt -pb tracker_top_utilization_placed.pb
INFO: [runtcl-4] Executing : report_control_sets -verbose -file tracker_top_control_sets_placed.rpt
report_control_sets: Time (s): cpu = 00:00:00 ; elapsed = 00:00:00.024 . Memory (MB): peak = 2666.957 ; gain = 0.000
Command: phys_opt_design
Attempting to get a license for feature 'Implementation' and/or device 'xc7s50'
INFO: [Common 17-349] Got license for feature 'Implementation' and/or device 'xc7s50'

Starting Initial Update Timing Task

Time (s): cpu = 00:00:02 ; elapsed = 00:00:00.785 . Memory (MB): peak = 2666.957 ; gain = 0.000
INFO: [Vivado_Tcl 4-383] Design worst setup slack (WNS) is greater than or equal to 0.000 ns. Skipping all physical synthesis optimizations.
INFO: [Vivado_Tcl 4-232] No setup violation found. The netlist was not modified.
INFO: [Common 17-83] Releasing license: Implementation
127 Infos, 13 Warnings, 0 Critical Warnings and 0 Errors encountered.
phys_opt_design completed successfully
INFO: [Common 17-600] The following parameters have non-default value.
general.maxThreads
INFO: [Timing 38-480] Writing timing data to binary archive.
Writing XDEF routing.
Writing XDEF routing logical nets.
Writing XDEF routing special nets.
Write XDEF Complete: Time (s): cpu = 00:00:02 ; elapsed = 00:00:00.756 . Memory (MB): peak = 2666.957 ; gain = 0.000
INFO: [Common 17-1381] The checkpoint 'D:/SpartanTracker/lab7_2/lab7_2.runs/impl_1/tracker_top_physopt.dcp' has been generated.
Command: route_design
Attempting to get a license for feature 'Implementation' and/or device 'xc7s50'
INFO: [Common 17-349] Got license for feature 'Implementation' and/or device 'xc7s50'
Running DRC as a precondition to command route_design
INFO: [DRC 23-27] Running DRC with 8 threads
INFO: [Vivado_Tcl 4-198] DRC finished with 0 Errors
INFO: [Vivado_Tcl 4-199] Please refer to the DRC report (report_drc) for more information.


Starting Routing Task
INFO: [Route 35-254] Multithreading enabled for route_design using a maximum of 8 CPUs

Phase 1 Build RT Design
Checksum: PlaceDB: 16725554 ConstDB: 0 ShapeSum: 6b490674 RouteDB: 0
Post Restoration Checksum: NetGraph: 6453e7b7 NumContArr: 6c889732 Constraints: 0 Timing: 0
Phase 1 Build RT Design | Checksum: d0dc7ee9

Time (s): cpu = 00:00:17 ; elapsed = 00:00:17 . Memory (MB): peak = 2666.957 ; gain = 0.000

Phase 2 Router Initialization

Phase 2.1 Fix Topology Constraints
Phase 2.1 Fix Topology Constraints | Checksum: d0dc7ee9

Time (s): cpu = 00:00:17 ; elapsed = 00:00:17 . Memory (MB): peak = 2666.957 ; gain = 0.000

Phase 2.2 Pre Route Cleanup
Phase 2.2 Pre Route Cleanup | Checksum: d0dc7ee9

Time (s): cpu = 00:00:17 ; elapsed = 00:00:18 . Memory (MB): peak = 2666.957 ; gain = 0.000
 Number of Nodes with overlaps = 0

Phase 2.3 Update Timing
Phase 2.3 Update Timing | Checksum: 1660728f8

Time (s): cpu = 00:00:20 ; elapsed = 00:00:20 . Memory (MB): peak = 2666.957 ; gain = 0.000
INFO: [Route 35-416] Intermediate Timing Summary | WNS=0.673  | TNS=0.000  | WHS=-1.313 | THS=-321.312|


Router Utilization Summary
  Global Vertical Routing Utilization    = 0.00677669 %
  Global Horizontal Routing Utilization  = 0.00130141 %
  Routable Net Status*
  *Does not include unroutable nets such as driverless and loadless.
  Run report_route_status for detailed report.
  Number of Failed Nets               = 6311
    (Failed Nets is the sum of unrouted and partially routed nets)
  Number of Unrouted Nets             = 6311
  Number of Partially Routed Nets     = 0
  Number of Node Overlaps             = 0

Phase 2 Router Initialization | Checksum: 144e39bac

Time (s): cpu = 00:00:22 ; elapsed = 00:00:20 . Memory (MB): peak = 2684.262 ; gain = 17.305

Phase 3 Initial Routing

Phase 3.1 Global Routing
Phase 3.1 Global Routing | Checksum: 144e39bac

Time (s): cpu = 00:00:22 ; elapsed = 00:00:20 . Memory (MB): peak = 2684.262 ; gain = 17.305
Phase 3 Initial Routing | Checksum: 14f297c76

Time (s): cpu = 00:00:58 ; elapsed = 00:00:32 . Memory (MB): peak = 2873.297 ; gain = 206.340
INFO: [Route 35-580] Design has 61 pins with tight setup and hold constraints.

The top 5 pins with tight setup and hold constraints:

+====================+===============================+========================================+
| Launch Setup Clock | Launch Hold Clock             | Pin                                    |
+====================+===============================+========================================+
| clk_100            | clk_out1_mb_block_clk_wiz_0_0 | PhraseData_1/PhraseRegs_2_reg[1][12]/D |
| clk_100            | clk_out1_mb_block_clk_wiz_0_0 | PhraseData_1/PhraseRegs_3_reg[0][12]/D |
| clk_100            | clk_out1_mb_block_clk_wiz_0_0 | PhraseData_1/PhraseRegs_2_reg[0][10]/D |
| clk_100            | clk_out1_mb_block_clk_wiz_0_0 | PhraseData_1/PhraseRegs_1_reg[0][10]/D |
| clk_100            | clk_out1_mb_block_clk_wiz_0_0 | PhraseData_1/PhraseRegs_2_reg[0][12]/D |
+--------------------+-------------------------------+----------------------------------------+

File with complete list of pins: tight_setup_hold_pins.txt


Phase 4 Rip-up And Reroute

Phase 4.1 Global Iteration 0
 Number of Nodes with overlaps = 1068
 Number of Nodes with overlaps = 201
 Number of Nodes with overlaps = 72
 Number of Nodes with overlaps = 20
 Number of Nodes with overlaps = 7
 Number of Nodes with overlaps = 2
 Number of Nodes with overlaps = 0
INFO: [Route 35-416] Intermediate Timing Summary | WNS=-2.694 | TNS=-190.186| WHS=N/A    | THS=N/A    |

Phase 4.1 Global Iteration 0 | Checksum: b2af68cf

Time (s): cpu = 00:02:58 ; elapsed = 00:01:51 . Memory (MB): peak = 2936.812 ; gain = 269.855

Phase 4.2 Global Iteration 1
 Number of Nodes with overlaps = 285
 Number of Nodes with overlaps = 91
 Number of Nodes with overlaps = 60
 Number of Nodes with overlaps = 27
 Number of Nodes with overlaps = 15
 Number of Nodes with overlaps = 8
 Number of Nodes with overlaps = 9
 Number of Nodes with overlaps = 3
