18:41:00 DEBUG : Logs will be stored at 'D:/SpartanTracker/lab7_2/sdk/IDE.log'.
18:41:03 INFO  : Launching XSCT server: xsct.bat -n  -interactive D:\SpartanTracker\lab7_2\sdk\temp_xsdb_launch_script.tcl
18:41:03 INFO  : Registering command handlers for Vitis TCF services
18:41:04 INFO  : Platform repository initialization has completed.
18:41:05 INFO  : XSCT server has started successfully.
18:41:05 INFO  : plnx-install-location is set to ''
18:41:05 INFO  : Successfully done setting XSCT server connection channel  
18:41:05 INFO  : Successfully done query RDI_DATADIR 
18:41:05 INFO  : Successfully done setting workspace for the tool. 
18:43:38 INFO  : Result from executing command 'getProjects': tracker_top
18:43:38 INFO  : Result from executing command 'getPlatforms': xilinx_vck190_base_202220_1|C:/Xilinx/Vitis/2022.2/base_platforms/xilinx_vck190_base_202220_1/xilinx_vck190_base_202220_1.xpfm;xilinx_vck190_base_dfx_202220_1|C:/Xilinx/Vitis/2022.2/base_platforms/xilinx_vck190_base_dfx_202220_1/xilinx_vck190_base_dfx_202220_1.xpfm;xilinx_vmk180_base_202220_1|C:/Xilinx/Vitis/2022.2/base_platforms/xilinx_vmk180_base_202220_1/xilinx_vmk180_base_202220_1.xpfm;xilinx_zcu102_base_202220_1|C:/Xilinx/Vitis/2022.2/base_platforms/xilinx_zcu102_base_202220_1/xilinx_zcu102_base_202220_1.xpfm;xilinx_zcu102_base_dfx_202220_1|C:/Xilinx/Vitis/2022.2/base_platforms/xilinx_zcu102_base_dfx_202220_1/xilinx_zcu102_base_dfx_202220_1.xpfm;xilinx_zcu104_base_202220_1|C:/Xilinx/Vitis/2022.2/base_platforms/xilinx_zcu104_base_202220_1/xilinx_zcu104_base_202220_1.xpfm
18:43:39 WARN  : An unexpected exception occurred in the module 'platform project logging'
18:43:39 INFO  : Platform 'tracker_top' is added to custom repositories.
18:43:42 INFO  : Platform 'tracker_top' is added to custom repositories.
18:46:05 INFO  : Result from executing command 'getProjects': tracker_top
18:46:05 INFO  : Result from executing command 'getPlatforms': tracker_top|D:/SpartanTracker/lab7_2/sdk/tracker_top/export/tracker_top/tracker_top.xpfm;xilinx_vck190_base_202220_1|C:/Xilinx/Vitis/2022.2/base_platforms/xilinx_vck190_base_202220_1/xilinx_vck190_base_202220_1.xpfm;xilinx_vck190_base_dfx_202220_1|C:/Xilinx/Vitis/2022.2/base_platforms/xilinx_vck190_base_dfx_202220_1/xilinx_vck190_base_dfx_202220_1.xpfm;xilinx_vmk180_base_202220_1|C:/Xilinx/Vitis/2022.2/base_platforms/xilinx_vmk180_base_202220_1/xilinx_vmk180_base_202220_1.xpfm;xilinx_zcu102_base_202220_1|C:/Xilinx/Vitis/2022.2/base_platforms/xilinx_zcu102_base_202220_1/xilinx_zcu102_base_202220_1.xpfm;xilinx_zcu102_base_dfx_202220_1|C:/Xilinx/Vitis/2022.2/base_platforms/xilinx_zcu102_base_dfx_202220_1/xilinx_zcu102_base_dfx_202220_1.xpfm;xilinx_zcu104_base_202220_1|C:/Xilinx/Vitis/2022.2/base_platforms/xilinx_zcu104_base_202220_1/xilinx_zcu104_base_202220_1.xpfm
18:46:06 INFO  : Checking for BSP changes to sync application flags for project 'tracker'...
18:47:33 INFO  : Checking for BSP changes to sync application flags for project 'tracker'...
18:48:13 INFO  : Connected to target on host '127.0.0.1' and port '3121'.
18:48:13 INFO  : Jtag cable 'RealDigital Boo 887100000009A' is selected.
18:48:13 INFO  : 'jtag frequency' command is executed.
18:48:13 INFO  : 'targets -set -filter {jtag_cable_name =~ "RealDigital Boo 887100000009A" && level==0 && jtag_device_ctx=="jsn1-0362f093-0"}' command is executed.
18:48:15 INFO  : Device configured successfully with "D:/SpartanTracker/lab7_2/sdk/tracker/_ide/bitstream/tracker_top.bit"
18:48:15 INFO  : Context for processor 'microblaze_0' is selected.
18:48:15 INFO  : Hardware design and registers information is loaded from 'D:/SpartanTracker/lab7_2/sdk/tracker_top/export/tracker_top/hw/tracker_top.xsa'.
18:48:15 INFO  : 'configparams mdm-detect-bscan-mask 2' command is executed.
18:48:15 INFO  : Context for processor 'microblaze_0' is selected.
18:48:15 INFO  : System reset is completed.
18:48:18 INFO  : 'after 3000' command is executed.
18:48:18 INFO  : Context for processor 'microblaze_0' is selected.
18:48:18 INFO  : The application 'D:/SpartanTracker/lab7_2/sdk/tracker/Debug/tracker.elf' is downloaded to processor 'microblaze_0'.
18:48:18 INFO  : ----------------XSDB Script----------------
connect -url tcp:127.0.0.1:3121
targets -set -filter {jtag_cable_name =~ "RealDigital Boo 887100000009A" && level==0 && jtag_device_ctx=="jsn1-0362f093-0"}
fpga -file D:/SpartanTracker/lab7_2/sdk/tracker/_ide/bitstream/tracker_top.bit
targets -set -nocase -filter {name =~ "*microblaze*#0" && bscan=="USER2" }
loadhw -hw D:/SpartanTracker/lab7_2/sdk/tracker_top/export/tracker_top/hw/tracker_top.xsa -regs
configparams mdm-detect-bscan-mask 2
targets -set -nocase -filter {name =~ "*microblaze*#0" && bscan=="USER2" }
rst -system
after 3000
targets -set -nocase -filter {name =~ "*microblaze*#0" && bscan=="USER2" }
dow D:/SpartanTracker/lab7_2/sdk/tracker/Debug/tracker.elf
----------------End of Script----------------

18:48:18 INFO  : Context for processor 'microblaze_0' is selected.
18:48:18 INFO  : 'con' command is executed.
18:48:18 INFO  : ----------------XSDB Script (After Launch)----------------
targets -set -nocase -filter {name =~ "*microblaze*#0" && bscan=="USER2" }
con
----------------End of Script----------------

18:48:18 INFO  : Disconnected from the channel tcfchan#2.
18:48:49 INFO  : Connected to target on host '127.0.0.1' and port '3121'.
18:48:49 INFO  : Jtag cable 'RealDigital Boo 887100000009A' is selected.
18:48:49 INFO  : 'jtag frequency' command is executed.
18:48:50 INFO  : 'targets -set -filter {jtag_cable_name =~ "RealDigital Boo 887100000009A" && level==0 && jtag_device_ctx=="jsn1-0362f093-0"}' command is executed.
18:48:51 INFO  : Device configured successfully with "D:/SpartanTracker/lab7_2/sdk/tracker/_ide/bitstream/tracker_top.bit"
18:48:51 INFO  : Context for processor 'microblaze_0' is selected.
18:48:52 INFO  : Hardware design and registers information is loaded from 'D:/SpartanTracker/lab7_2/sdk/tracker_top/export/tracker_top/hw/tracker_top.xsa'.
18:48:52 INFO  : 'configparams mdm-detect-bscan-mask 2' command is executed.
18:48:52 INFO  : Context for processor 'microblaze_0' is selected.
18:48:52 INFO  : System reset is completed.
18:48:55 INFO  : 'after 3000' command is executed.
18:48:55 INFO  : Context for processor 'microblaze_0' is selected.
18:48:55 INFO  : The application 'D:/SpartanTracker/lab7_2/sdk/tracker/Debug/tracker.elf' is downloaded to processor 'microblaze_0'.
18:48:55 INFO  : ----------------XSDB Script----------------
connect -url tcp:127.0.0.1:3121
targets -set -filter {jtag_cable_name =~ "RealDigital Boo 887100000009A" && level==0 && jtag_device_ctx=="jsn1-0362f093-0"}
fpga -file D:/SpartanTracker/lab7_2/sdk/tracker/_ide/bitstream/tracker_top.bit
targets -set -nocase -filter {name =~ "*microblaze*#0" && bscan=="USER2" }
loadhw -hw D:/SpartanTracker/lab7_2/sdk/tracker_top/export/tracker_top/hw/tracker_top.xsa -regs
configparams mdm-detect-bscan-mask 2
targets -set -nocase -filter {name =~ "*microblaze*#0" && bscan=="USER2" }
rst -system
after 3000
targets -set -nocase -filter {name =~ "*microblaze*#0" && bscan=="USER2" }
dow D:/SpartanTracker/lab7_2/sdk/tracker/Debug/tracker.elf
----------------End of Script----------------

18:48:55 INFO  : Context for processor 'microblaze_0' is selected.
18:48:55 INFO  : 'con' command is executed.
18:48:55 INFO  : ----------------XSDB Script (After Launch)----------------
targets -set -nocase -filter {name =~ "*microblaze*#0" && bscan=="USER2" }
con
----------------End of Script----------------

18:48:55 INFO  : Disconnected from the channel tcfchan#3.
18:50:00 INFO  : Checking for BSP changes to sync application flags for project 'tracker'...
20:31:39 INFO  : Hardware specification for platform project 'tracker_top' is updated.
20:31:49 INFO  : Result from executing command 'removePlatformRepo': 
20:32:12 INFO  : Result from executing command 'getProjects': tracker_top
20:32:12 INFO  : Result from executing command 'getPlatforms': xilinx_vck190_base_202220_1|C:/Xilinx/Vitis/2022.2/base_platforms/xilinx_vck190_base_202220_1/xilinx_vck190_base_202220_1.xpfm;xilinx_vck190_base_dfx_202220_1|C:/Xilinx/Vitis/2022.2/base_platforms/xilinx_vck190_base_dfx_202220_1/xilinx_vck190_base_dfx_202220_1.xpfm;xilinx_vmk180_base_202220_1|C:/Xilinx/Vitis/2022.2/base_platforms/xilinx_vmk180_base_202220_1/xilinx_vmk180_base_202220_1.xpfm;xilinx_zcu102_base_202220_1|C:/Xilinx/Vitis/2022.2/base_platforms/xilinx_zcu102_base_202220_1/xilinx_zcu102_base_202220_1.xpfm;xilinx_zcu102_base_dfx_202220_1|C:/Xilinx/Vitis/2022.2/base_platforms/xilinx_zcu102_base_dfx_202220_1/xilinx_zcu102_base_dfx_202220_1.xpfm;xilinx_zcu104_base_202220_1|C:/Xilinx/Vitis/2022.2/base_platforms/xilinx_zcu104_base_202220_1/xilinx_zcu104_base_202220_1.xpfm
20:32:13 INFO  : Checking for BSP changes to sync application flags for project 'tracker'...
20:32:13 INFO  : Updating application flags with new BSP settings...
20:32:13 INFO  : Successfully updated application flags for project tracker.
20:32:17 INFO  : The hardware specification used by project 'tracker' is out of sync with the platform. Resource files extracted from the hardware specification will be updated.
20:32:17 INFO  : The file 'D:\SpartanTracker\lab7_2\sdk\tracker\_ide\bitstream\tracker_top.bit' stored in project is removed.
20:32:17 INFO  : The file 'D:\SpartanTracker\lab7_2\sdk\tracker\_ide\bitstream\tracker_top.mmi' stored in project is removed.
20:32:17 INFO  : The updated bitstream files are copied from platform to folder 'D:\SpartanTracker\lab7_2\sdk\tracker\_ide\bitstream' in project 'tracker'.
20:34:36 INFO  : Connected to target on host '127.0.0.1' and port '3121'.
20:34:37 INFO  : Jtag cable 'RealDigital Boo 88710000000FA' is selected.
20:34:37 INFO  : 'jtag frequency' command is executed.
20:34:37 INFO  : 'targets -set -filter {jtag_cable_name =~ "RealDigital Boo 88710000000FA" && level==0 && jtag_device_ctx=="jsn1-0362f093-0"}' command is executed.
20:34:38 INFO  : Device configured successfully with "D:/SpartanTracker/lab7_2/sdk/tracker/_ide/bitstream/tracker_top.bit"
20:34:38 INFO  : Context for processor 'microblaze_0' is selected.
20:34:39 INFO  : Hardware design and registers information is loaded from 'D:/SpartanTracker/lab7_2/sdk/tracker_top/export/tracker_top/hw/tracker_top.xsa'.
20:34:39 INFO  : 'configparams mdm-detect-bscan-mask 2' command is executed.
20:34:39 INFO  : Context for processor 'microblaze_0' is selected.
20:34:39 INFO  : System reset is completed.
20:34:42 INFO  : 'after 3000' command is executed.
20:34:42 INFO  : Context for processor 'microblaze_0' is selected.
20:34:42 INFO  : The application 'D:/SpartanTracker/lab7_2/sdk/tracker/Debug/tracker.elf' is downloaded to processor 'microblaze_0'.
20:34:42 INFO  : ----------------XSDB Script----------------
connect -url tcp:127.0.0.1:3121
targets -set -filter {jtag_cable_name =~ "RealDigital Boo 88710000000FA" && level==0 && jtag_device_ctx=="jsn1-0362f093-0"}
fpga -file D:/SpartanTracker/lab7_2/sdk/tracker/_ide/bitstream/tracker_top.bit
targets -set -nocase -filter {name =~ "*microblaze*#0" && bscan=="USER2" }
loadhw -hw D:/SpartanTracker/lab7_2/sdk/tracker_top/export/tracker_top/hw/tracker_top.xsa -regs
configparams mdm-detect-bscan-mask 2
targets -set -nocase -filter {name =~ "*microblaze*#0" && bscan=="USER2" }
rst -system
after 3000
targets -set -nocase -filter {name =~ "*microblaze*#0" && bscan=="USER2" }
dow D:/SpartanTracker/lab7_2/sdk/tracker/Debug/tracker.elf
----------------End of Script----------------

20:34:42 INFO  : Context for processor 'microblaze_0' is selected.
20:34:42 INFO  : 'con' command is executed.
20:34:42 INFO  : ----------------XSDB Script (After Launch)----------------
targets -set -nocase -filter {name =~ "*microblaze*#0" && bscan=="USER2" }
con
----------------End of Script----------------

20:34:42 INFO  : Disconnected from the channel tcfchan#6.
20:38:17 INFO  : Connected to target on host '127.0.0.1' and port '3121'.
20:38:17 INFO  : Jtag cable 'RealDigital Boo 88710000000FA' is selected.
20:38:17 INFO  : 'jtag frequency' command is executed.
20:38:17 INFO  : 'targets -set -filter {jtag_cable_name =~ "RealDigital Boo 88710000000FA" && level==0 && jtag_device_ctx=="jsn1-0362f093-0"}' command is executed.
20:38:19 INFO  : Device configured successfully with "D:/SpartanTracker/lab7_2/sdk/tracker/_ide/bitstream/tracker_top.bit"
20:38:19 INFO  : Context for processor 'microblaze_0' is selected.
20:38:19 INFO  : Hardware design and registers information is loaded from 'D:/SpartanTracker/lab7_2/sdk/tracker_top/export/tracker_top/hw/tracker_top.xsa'.
20:38:19 INFO  : 'configparams mdm-detect-bscan-mask 2' command is executed.
20:38:19 INFO  : Context for processor 'microblaze_0' is selected.
20:38:19 INFO  : System reset is completed.
20:38:22 INFO  : 'after 3000' command is executed.
20:38:22 INFO  : Context for processor 'microblaze_0' is selected.
20:38:22 INFO  : The application 'D:/SpartanTracker/lab7_2/sdk/tracker/Debug/tracker.elf' is downloaded to processor 'microblaze_0'.
20:38:22 INFO  : ----------------XSDB Script----------------
connect -url tcp:127.0.0.1:3121
targets -set -filter {jtag_cable_name =~ "RealDigital Boo 88710000000FA" && level==0 && jtag_device_ctx=="jsn1-0362f093-0"}
fpga -file D:/SpartanTracker/lab7_2/sdk/tracker/_ide/bitstream/tracker_top.bit
targets -set -nocase -filter {name =~ "*microblaze*#0" && bscan=="USER2" }
loadhw -hw D:/SpartanTracker/lab7_2/sdk/tracker_top/export/tracker_top/hw/tracker_top.xsa -regs
configparams mdm-detect-bscan-mask 2
targets -set -nocase -filter {name =~ "*microblaze*#0" && bscan=="USER2" }
rst -system
after 3000
targets -set -nocase -filter {name =~ "*microblaze*#0" && bscan=="USER2" }
dow D:/SpartanTracker/lab7_2/sdk/tracker/Debug/tracker.elf
----------------End of Script----------------

20:38:22 INFO  : Context for processor 'microblaze_0' is selected.
20:38:22 INFO  : 'con' command is executed.
20:38:22 INFO  : ----------------XSDB Script (After Launch)----------------
targets -set -nocase -filter {name =~ "*microblaze*#0" && bscan=="USER2" }
con
----------------End of Script----------------

20:38:22 INFO  : Disconnected from the channel tcfchan#7.
21:16:36 INFO  : Hardware specification for platform project 'tracker_top' is updated.
21:16:57 INFO  : Result from executing command 'removePlatformRepo': 
21:17:14 INFO  : Result from executing command 'getProjects': tracker_top
21:17:14 INFO  : Result from executing command 'getPlatforms': xilinx_vck190_base_202220_1|C:/Xilinx/Vitis/2022.2/base_platforms/xilinx_vck190_base_202220_1/xilinx_vck190_base_202220_1.xpfm;xilinx_vck190_base_dfx_202220_1|C:/Xilinx/Vitis/2022.2/base_platforms/xilinx_vck190_base_dfx_202220_1/xilinx_vck190_base_dfx_202220_1.xpfm;xilinx_vmk180_base_202220_1|C:/Xilinx/Vitis/2022.2/base_platforms/xilinx_vmk180_base_202220_1/xilinx_vmk180_base_202220_1.xpfm;xilinx_zcu102_base_202220_1|C:/Xilinx/Vitis/2022.2/base_platforms/xilinx_zcu102_base_202220_1/xilinx_zcu102_base_202220_1.xpfm;xilinx_zcu102_base_dfx_202220_1|C:/Xilinx/Vitis/2022.2/base_platforms/xilinx_zcu102_base_dfx_202220_1/xilinx_zcu102_base_dfx_202220_1.xpfm;xilinx_zcu104_base_202220_1|C:/Xilinx/Vitis/2022.2/base_platforms/xilinx_zcu104_base_202220_1/xilinx_zcu104_base_202220_1.xpfm
21:17:15 INFO  : Checking for BSP changes to sync application flags for project 'tracker'...
21:17:18 INFO  : The hardware specification used by project 'tracker' is out of sync with the platform. Resource files extracted from the hardware specification will be updated.
21:17:18 INFO  : The file 'D:\SpartanTracker\lab7_2\sdk\tracker\_ide\bitstream\tracker_top.bit' stored in project is removed.
21:17:18 INFO  : The file 'D:\SpartanTracker\lab7_2\sdk\tracker\_ide\bitstream\tracker_top.mmi' stored in project is removed.
21:17:18 INFO  : The updated bitstream files are copied from platform to folder 'D:\SpartanTracker\lab7_2\sdk\tracker\_ide\bitstream' in project 'tracker'.
21:17:36 INFO  : Connected to target on host '127.0.0.1' and port '3121'.
21:17:36 INFO  : Jtag cable 'RealDigital Boo 88710000000FA' is selected.
21:17:36 INFO  : 'jtag frequency' command is executed.
21:17:36 INFO  : 'targets -set -filter {jtag_cable_name =~ "RealDigital Boo 88710000000FA" && level==0 && jtag_device_ctx=="jsn1-0362f093-0"}' command is executed.
21:17:38 INFO  : Device configured successfully with "D:/SpartanTracker/lab7_2/sdk/tracker/_ide/bitstream/tracker_top.bit"
21:17:38 INFO  : Context for processor 'microblaze_0' is selected.
21:17:38 INFO  : Hardware design and registers information is loaded from 'D:/SpartanTracker/lab7_2/sdk/tracker_top/export/tracker_top/hw/tracker_top.xsa'.
21:17:38 INFO  : 'configparams mdm-detect-bscan-mask 2' command is executed.
21:17:38 INFO  : Context for processor 'microblaze_0' is selected.
21:17:38 INFO  : System reset is completed.
21:17:41 INFO  : 'after 3000' command is executed.
21:17:41 INFO  : Context for processor 'microblaze_0' is selected.
21:17:41 INFO  : The application 'D:/SpartanTracker/lab7_2/sdk/tracker/Debug/tracker.elf' is downloaded to processor 'microblaze_0'.
21:17:41 INFO  : ----------------XSDB Script----------------
connect -url tcp:127.0.0.1:3121
targets -set -filter {jtag_cable_name =~ "RealDigital Boo 88710000000FA" && level==0 && jtag_device_ctx=="jsn1-0362f093-0"}
fpga -file D:/SpartanTracker/lab7_2/sdk/tracker/_ide/bitstream/tracker_top.bit
targets -set -nocase -filter {name =~ "*microblaze*#0" && bscan=="USER2" }
loadhw -hw D:/SpartanTracker/lab7_2/sdk/tracker_top/export/tracker_top/hw/tracker_top.xsa -regs
configparams mdm-detect-bscan-mask 2
targets -set -nocase -filter {name =~ "*microblaze*#0" && bscan=="USER2" }
rst -system
after 3000
targets -set -nocase -filter {name =~ "*microblaze*#0" && bscan=="USER2" }
dow D:/SpartanTracker/lab7_2/sdk/tracker/Debug/tracker.elf
----------------End of Script----------------

21:17:41 INFO  : Context for processor 'microblaze_0' is selected.
21:17:41 INFO  : 'con' command is executed.
21:17:41 INFO  : ----------------XSDB Script (After Launch)----------------
targets -set -nocase -filter {name =~ "*microblaze*#0" && bscan=="USER2" }
con
----------------End of Script----------------

21:17:41 INFO  : Disconnected from the channel tcfchan#10.
21:19:50 INFO  : Connected to target on host '127.0.0.1' and port '3121'.
21:19:50 INFO  : Jtag cable 'RealDigital Boo 88710000000FA' is selected.
21:19:50 INFO  : 'jtag frequency' command is executed.
21:19:50 INFO  : 'targets -set -filter {jtag_cable_name =~ "RealDigital Boo 88710000000FA" && level==0 && jtag_device_ctx=="jsn1-0362f093-0"}' command is executed.
21:19:52 INFO  : Device configured successfully with "D:/SpartanTracker/lab7_2/sdk/tracker/_ide/bitstream/tracker_top.bit"
21:19:52 INFO  : Context for processor 'microblaze_0' is selected.
21:19:52 INFO  : Hardware design and registers information is loaded from 'D:/SpartanTracker/lab7_2/sdk/tracker_top/export/tracker_top/hw/tracker_top.xsa'.
21:19:52 INFO  : 'configparams mdm-detect-bscan-mask 2' command is executed.
21:19:52 INFO  : Context for processor 'microblaze_0' is selected.
21:19:52 INFO  : System reset is completed.
21:19:55 INFO  : 'after 3000' command is executed.
21:19:55 INFO  : Context for processor 'microblaze_0' is selected.
21:19:55 INFO  : The application 'D:/SpartanTracker/lab7_2/sdk/tracker/Debug/tracker.elf' is downloaded to processor 'microblaze_0'.
21:19:55 INFO  : ----------------XSDB Script----------------
connect -url tcp:127.0.0.1:3121
targets -set -filter {jtag_cable_name =~ "RealDigital Boo 88710000000FA" && level==0 && jtag_device_ctx=="jsn1-0362f093-0"}
fpga -file D:/SpartanTracker/lab7_2/sdk/tracker/_ide/bitstream/tracker_top.bit
targets -set -nocase -filter {name =~ "*microblaze*#0" && bscan=="USER2" }
loadhw -hw D:/SpartanTracker/lab7_2/sdk/tracker_top/export/tracker_top/hw/tracker_top.xsa -regs
configparams mdm-detect-bscan-mask 2
targets -set -nocase -filter {name =~ "*microblaze*#0" && bscan=="USER2" }
rst -system
after 3000
targets -set -nocase -filter {name =~ "*microblaze*#0" && bscan=="USER2" }
dow D:/SpartanTracker/lab7_2/sdk/tracker/Debug/tracker.elf
----------------End of Script----------------

21:19:55 INFO  : Context for processor 'microblaze_0' is selected.
21:19:55 INFO  : 'con' command is executed.
21:19:55 INFO  : ----------------XSDB Script (After Launch)----------------
targets -set -nocase -filter {name =~ "*microblaze*#0" && bscan=="USER2" }
con
----------------End of Script----------------

21:19:55 INFO  : Disconnected from the channel tcfchan#11.
21:20:22 INFO  : Connected to target on host '127.0.0.1' and port '3121'.
21:20:22 INFO  : Jtag cable 'RealDigital Boo 88710000000FA' is selected.
21:20:22 INFO  : 'jtag frequency' command is executed.
21:20:22 INFO  : 'targets -set -filter {jtag_cable_name =~ "RealDigital Boo 88710000000FA" && level==0 && jtag_device_ctx=="jsn1-0362f093-0"}' command is executed.
21:20:24 INFO  : Device configured successfully with "D:/SpartanTracker/lab7_2/sdk/tracker/_ide/bitstream/tracker_top.bit"
21:20:24 INFO  : Context for processor 'microblaze_0' is selected.
21:20:24 INFO  : Hardware design and registers information is loaded from 'D:/SpartanTracker/lab7_2/sdk/tracker_top/export/tracker_top/hw/tracker_top.xsa'.
21:20:24 INFO  : 'configparams mdm-detect-bscan-mask 2' command is executed.
21:20:24 INFO  : Context for processor 'microblaze_0' is selected.
21:20:24 INFO  : System reset is completed.
21:20:27 INFO  : 'after 3000' command is executed.
21:20:27 INFO  : Context for processor 'microblaze_0' is selected.
21:20:27 INFO  : The application 'D:/SpartanTracker/lab7_2/sdk/tracker/Debug/tracker.elf' is downloaded to processor 'microblaze_0'.
21:20:27 INFO  : ----------------XSDB Script----------------
connect -url tcp:127.0.0.1:3121
targets -set -filter {jtag_cable_name =~ "RealDigital Boo 88710000000FA" && level==0 && jtag_device_ctx=="jsn1-0362f093-0"}
fpga -file D:/SpartanTracker/lab7_2/sdk/tracker/_ide/bitstream/tracker_top.bit
targets -set -nocase -filter {name =~ "*microblaze*#0" && bscan=="USER2" }
loadhw -hw D:/SpartanTracker/lab7_2/sdk/tracker_top/export/tracker_top/hw/tracker_top.xsa -regs
configparams mdm-detect-bscan-mask 2
targets -set -nocase -filter {name =~ "*microblaze*#0" && bscan=="USER2" }
rst -system
after 3000
targets -set -nocase -filter {name =~ "*microblaze*#0" && bscan=="USER2" }
dow D:/SpartanTracker/lab7_2/sdk/tracker/Debug/tracker.elf
----------------End of Script----------------

21:20:27 INFO  : Context for processor 'microblaze_0' is selected.
21:20:27 INFO  : 'con' command is executed.
21:20:27 INFO  : ----------------XSDB Script (After Launch)----------------
targets -set -nocase -filter {name =~ "*microblaze*#0" && bscan=="USER2" }
con
----------------End of Script----------------

21:20:27 INFO  : Disconnected from the channel tcfchan#12.
21:20:40 INFO  : Checking for BSP changes to sync application flags for project 'tracker'...
21:20:47 INFO  : Connected to target on host '127.0.0.1' and port '3121'.
21:20:47 INFO  : Jtag cable 'RealDigital Boo 88710000000FA' is selected.
21:20:47 INFO  : 'jtag frequency' command is executed.
21:20:47 INFO  : 'targets -set -filter {jtag_cable_name =~ "RealDigital Boo 88710000000FA" && level==0 && jtag_device_ctx=="jsn1-0362f093-0"}' command is executed.
21:20:48 INFO  : Device configured successfully with "D:/SpartanTracker/lab7_2/sdk/tracker/_ide/bitstream/tracker_top.bit"
21:20:48 INFO  : Context for processor 'microblaze_0' is selected.
21:20:48 INFO  : Hardware design and registers information is loaded from 'D:/SpartanTracker/lab7_2/sdk/tracker_top/export/tracker_top/hw/tracker_top.xsa'.
21:20:48 INFO  : 'configparams mdm-detect-bscan-mask 2' command is executed.
21:20:48 INFO  : Context for processor 'microblaze_0' is selected.
21:20:48 INFO  : System reset is completed.
21:20:51 INFO  : 'after 3000' command is executed.
21:20:51 INFO  : Context for processor 'microblaze_0' is selected.
21:20:52 INFO  : The application 'D:/SpartanTracker/lab7_2/sdk/tracker/Debug/tracker.elf' is downloaded to processor 'microblaze_0'.
21:20:52 INFO  : ----------------XSDB Script----------------
connect -url tcp:127.0.0.1:3121
targets -set -filter {jtag_cable_name =~ "RealDigital Boo 88710000000FA" && level==0 && jtag_device_ctx=="jsn1-0362f093-0"}
fpga -file D:/SpartanTracker/lab7_2/sdk/tracker/_ide/bitstream/tracker_top.bit
targets -set -nocase -filter {name =~ "*microblaze*#0" && bscan=="USER2" }
loadhw -hw D:/SpartanTracker/lab7_2/sdk/tracker_top/export/tracker_top/hw/tracker_top.xsa -regs
configparams mdm-detect-bscan-mask 2
targets -set -nocase -filter {name =~ "*microblaze*#0" && bscan=="USER2" }
rst -system
after 3000
targets -set -nocase -filter {name =~ "*microblaze*#0" && bscan=="USER2" }
dow D:/SpartanTracker/lab7_2/sdk/tracker/Debug/tracker.elf
----------------End of Script----------------

21:20:52 INFO  : Context for processor 'microblaze_0' is selected.
21:20:52 INFO  : 'con' command is executed.
21:20:52 INFO  : ----------------XSDB Script (After Launch)----------------
targets -set -nocase -filter {name =~ "*microblaze*#0" && bscan=="USER2" }
con
----------------End of Script----------------

21:20:52 INFO  : Disconnected from the channel tcfchan#13.
21:23:23 INFO  : Checking for BSP changes to sync application flags for project 'tracker'...
21:23:29 INFO  : Checking for BSP changes to sync application flags for project 'tracker'...
21:23:46 INFO  : Checking for BSP changes to sync application flags for project 'tracker'...
21:23:52 INFO  : Connected to target on host '127.0.0.1' and port '3121'.
21:24:10 INFO  : ----------------XSDB Script----------------
connect -url tcp:127.0.0.1:3121
----------------End of Script----------------

21:24:10 ERROR : Could not find FPGA device on the board for connection 'Local'.


Troubleshooting hints:
1. Check whether board is connected to system properly.
2. In case of zynq board, check whether Digilent/Xilinx cable switch settings are correct.
3. If you are using Xilinx Platform Cable USB, ensure that status LED is green.
21:24:15 INFO  : Connected to target on host '127.0.0.1' and port '3121'.
21:24:15 INFO  : Jtag cable 'RealDigital Boo 88710000000FA' is selected.
21:24:15 INFO  : 'jtag frequency' command is executed.
21:24:15 INFO  : 'targets -set -filter {jtag_cable_name =~ "RealDigital Boo 88710000000FA" && level==0 && jtag_device_ctx=="jsn1-0362f093-0"}' command is executed.
21:24:17 INFO  : Device configured successfully with "D:/SpartanTracker/lab7_2/sdk/tracker/_ide/bitstream/tracker_top.bit"
21:24:17 INFO  : Context for processor 'microblaze_0' is selected.
21:24:17 INFO  : Hardware design and registers information is loaded from 'D:/SpartanTracker/lab7_2/sdk/tracker_top/export/tracker_top/hw/tracker_top.xsa'.
21:24:17 INFO  : 'configparams mdm-detect-bscan-mask 2' command is executed.
21:24:17 INFO  : Context for processor 'microblaze_0' is selected.
21:24:17 INFO  : System reset is completed.
21:24:20 INFO  : 'after 3000' command is executed.
21:24:20 INFO  : Context for processor 'microblaze_0' is selected.
21:24:20 INFO  : The application 'D:/SpartanTracker/lab7_2/sdk/tracker/Debug/tracker.elf' is downloaded to processor 'microblaze_0'.
21:24:20 INFO  : ----------------XSDB Script----------------
connect -url tcp:127.0.0.1:3121
targets -set -filter {jtag_cable_name =~ "RealDigital Boo 88710000000FA" && level==0 && jtag_device_ctx=="jsn1-0362f093-0"}
fpga -file D:/SpartanTracker/lab7_2/sdk/tracker/_ide/bitstream/tracker_top.bit
targets -set -nocase -filter {name =~ "*microblaze*#0" && bscan=="USER2" }
loadhw -hw D:/SpartanTracker/lab7_2/sdk/tracker_top/export/tracker_top/hw/tracker_top.xsa -regs
configparams mdm-detect-bscan-mask 2
targets -set -nocase -filter {name =~ "*microblaze*#0" && bscan=="USER2" }
rst -system
after 3000
targets -set -nocase -filter {name =~ "*microblaze*#0" && bscan=="USER2" }
dow D:/SpartanTracker/lab7_2/sdk/tracker/Debug/tracker.elf
----------------End of Script----------------

21:24:20 INFO  : Context for processor 'microblaze_0' is selected.
21:24:20 INFO  : 'con' command is executed.
21:24:20 INFO  : ----------------XSDB Script (After Launch)----------------
targets -set -nocase -filter {name =~ "*microblaze*#0" && bscan=="USER2" }
con
----------------End of Script----------------

21:24:20 INFO  : Disconnected from the channel tcfchan#14.
22:40:17 DEBUG : Logs will be stored at 'D:/SpartanTracker/lab7_2/sdk/IDE.log'.
22:40:17 INFO  : Launching XSCT server: xsct.bat -n  -interactive D:\SpartanTracker\lab7_2\sdk\temp_xsdb_launch_script.tcl
22:40:24 INFO  : XSCT server has started successfully.
22:40:24 INFO  : plnx-install-location is set to ''
22:40:24 INFO  : Successfully done setting XSCT server connection channel  
22:40:24 INFO  : Successfully done setting workspace for the tool. 
22:40:24 INFO  : Registering command handlers for Vitis TCF services
22:40:25 INFO  : Platform repository initialization has completed.
22:40:31 INFO  : Successfully done query RDI_DATADIR 
22:40:37 INFO  : Hardware specification for platform project 'tracker_top' is updated.
22:40:45 INFO  : Result from executing command 'removePlatformRepo': 
22:41:04 INFO  : Result from executing command 'getProjects': tracker_top
22:41:04 INFO  : Result from executing command 'getPlatforms': xilinx_vck190_base_202220_1|C:/Xilinx/Vitis/2022.2/base_platforms/xilinx_vck190_base_202220_1/xilinx_vck190_base_202220_1.xpfm;xilinx_vck190_base_dfx_202220_1|C:/Xilinx/Vitis/2022.2/base_platforms/xilinx_vck190_base_dfx_202220_1/xilinx_vck190_base_dfx_202220_1.xpfm;xilinx_vmk180_base_202220_1|C:/Xilinx/Vitis/2022.2/base_platforms/xilinx_vmk180_base_202220_1/xilinx_vmk180_base_202220_1.xpfm;xilinx_zcu102_base_202220_1|C:/Xilinx/Vitis/2022.2/base_platforms/xilinx_zcu102_base_202220_1/xilinx_zcu102_base_202220_1.xpfm;xilinx_zcu102_base_dfx_202220_1|C:/Xilinx/Vitis/2022.2/base_platforms/xilinx_zcu102_base_dfx_202220_1/xilinx_zcu102_base_dfx_202220_1.xpfm;xilinx_zcu104_base_202220_1|C:/Xilinx/Vitis/2022.2/base_platforms/xilinx_zcu104_base_202220_1/xilinx_zcu104_base_202220_1.xpfm
22:41:04 INFO  : Checking for BSP changes to sync application flags for project 'tracker'...
22:41:11 INFO  : The hardware specification used by project 'tracker' is out of sync with the platform. Resource files extracted from the hardware specification will be updated.
22:41:11 INFO  : The file 'D:\SpartanTracker\lab7_2\sdk\tracker\_ide\bitstream\tracker_top.bit' stored in project is removed.
22:41:11 INFO  : The file 'D:\SpartanTracker\lab7_2\sdk\tracker\_ide\bitstream\tracker_top.mmi' stored in project is removed.
22:41:11 INFO  : The updated bitstream files are copied from platform to folder 'D:\SpartanTracker\lab7_2\sdk\tracker\_ide\bitstream' in project 'tracker'.
22:41:19 INFO  : Connected to target on host '127.0.0.1' and port '3121'.
22:41:19 INFO  : Jtag cable 'RealDigital Boo 88710000000FA' is selected.
22:41:19 INFO  : 'jtag frequency' command is executed.
22:41:19 INFO  : 'targets -set -filter {jtag_cable_name =~ "RealDigital Boo 88710000000FA" && level==0 && jtag_device_ctx=="jsn1-0362f093-0"}' command is executed.
22:41:21 INFO  : Device configured successfully with "D:/SpartanTracker/lab7_2/sdk/tracker/_ide/bitstream/tracker_top.bit"
22:41:21 INFO  : Context for processor 'microblaze_0' is selected.
22:41:21 INFO  : Hardware design and registers information is loaded from 'D:/SpartanTracker/lab7_2/sdk/tracker_top/export/tracker_top/hw/tracker_top.xsa'.
22:41:21 INFO  : 'configparams mdm-detect-bscan-mask 2' command is executed.
22:41:21 INFO  : Context for processor 'microblaze_0' is selected.
22:41:21 INFO  : System reset is completed.
22:41:24 INFO  : 'after 3000' command is executed.
22:41:24 INFO  : Context for processor 'microblaze_0' is selected.
22:41:24 INFO  : The application 'D:/SpartanTracker/lab7_2/sdk/tracker/Debug/tracker.elf' is downloaded to processor 'microblaze_0'.
22:41:24 INFO  : ----------------XSDB Script----------------
connect -url tcp:127.0.0.1:3121
targets -set -filter {jtag_cable_name =~ "RealDigital Boo 88710000000FA" && level==0 && jtag_device_ctx=="jsn1-0362f093-0"}
fpga -file D:/SpartanTracker/lab7_2/sdk/tracker/_ide/bitstream/tracker_top.bit
targets -set -nocase -filter {name =~ "*microblaze*#0" && bscan=="USER2" }
loadhw -hw D:/SpartanTracker/lab7_2/sdk/tracker_top/export/tracker_top/hw/tracker_top.xsa -regs
configparams mdm-detect-bscan-mask 2
targets -set -nocase -filter {name =~ "*microblaze*#0" && bscan=="USER2" }
rst -system
after 3000
targets -set -nocase -filter {name =~ "*microblaze*#0" && bscan=="USER2" }
dow D:/SpartanTracker/lab7_2/sdk/tracker/Debug/tracker.elf
----------------End of Script----------------

22:41:24 INFO  : Context for processor 'microblaze_0' is selected.
22:41:24 INFO  : 'con' command is executed.
22:41:24 INFO  : ----------------XSDB Script (After Launch)----------------
targets -set -nocase -filter {name =~ "*microblaze*#0" && bscan=="USER2" }
con
----------------End of Script----------------

22:41:24 INFO  : Disconnected from the channel tcfchan#3.
23:03:27 INFO  : Hardware specification for platform project 'tracker_top' is updated.
23:04:12 INFO  : Result from executing command 'removePlatformRepo': 
23:04:30 INFO  : Result from executing command 'getProjects': tracker_top
23:04:30 INFO  : Result from executing command 'getPlatforms': xilinx_vck190_base_202220_1|C:/Xilinx/Vitis/2022.2/base_platforms/xilinx_vck190_base_202220_1/xilinx_vck190_base_202220_1.xpfm;xilinx_vck190_base_dfx_202220_1|C:/Xilinx/Vitis/2022.2/base_platforms/xilinx_vck190_base_dfx_202220_1/xilinx_vck190_base_dfx_202220_1.xpfm;xilinx_vmk180_base_202220_1|C:/Xilinx/Vitis/2022.2/base_platforms/xilinx_vmk180_base_202220_1/xilinx_vmk180_base_202220_1.xpfm;xilinx_zcu102_base_202220_1|C:/Xilinx/Vitis/2022.2/base_platforms/xilinx_zcu102_base_202220_1/xilinx_zcu102_base_202220_1.xpfm;xilinx_zcu102_base_dfx_202220_1|C:/Xilinx/Vitis/2022.2/base_platforms/xilinx_zcu102_base_dfx_202220_1/xilinx_zcu102_base_dfx_202220_1.xpfm;xilinx_zcu104_base_202220_1|C:/Xilinx/Vitis/2022.2/base_platforms/xilinx_zcu104_base_202220_1/xilinx_zcu104_base_202220_1.xpfm
23:04:31 INFO  : Checking for BSP changes to sync application flags for project 'tracker'...
23:04:34 INFO  : The hardware specification used by project 'tracker' is out of sync with the platform. Resource files extracted from the hardware specification will be updated.
23:04:34 INFO  : The file 'D:\SpartanTracker\lab7_2\sdk\tracker\_ide\bitstream\tracker_top.bit' stored in project is removed.
23:04:34 INFO  : The file 'D:\SpartanTracker\lab7_2\sdk\tracker\_ide\bitstream\tracker_top.mmi' stored in project is removed.
23:04:34 INFO  : The updated bitstream files are copied from platform to folder 'D:\SpartanTracker\lab7_2\sdk\tracker\_ide\bitstream' in project 'tracker'.
23:04:39 INFO  : Connected to target on host '127.0.0.1' and port '3121'.
23:04:39 INFO  : Jtag cable 'RealDigital Boo 88710000000FA' is selected.
23:04:39 INFO  : 'jtag frequency' command is executed.
23:04:39 INFO  : 'targets -set -filter {jtag_cable_name =~ "RealDigital Boo 88710000000FA" && level==0 && jtag_device_ctx=="jsn1-0362f093-0"}' command is executed.
23:04:41 INFO  : Device configured successfully with "D:/SpartanTracker/lab7_2/sdk/tracker/_ide/bitstream/tracker_top.bit"
23:04:41 INFO  : Context for processor 'microblaze_0' is selected.
23:04:41 INFO  : Hardware design and registers information is loaded from 'D:/SpartanTracker/lab7_2/sdk/tracker_top/export/tracker_top/hw/tracker_top.xsa'.
23:04:41 INFO  : 'configparams mdm-detect-bscan-mask 2' command is executed.
23:04:41 INFO  : Context for processor 'microblaze_0' is selected.
23:04:41 INFO  : System reset is completed.
23:04:44 INFO  : 'after 3000' command is executed.
23:04:44 INFO  : Context for processor 'microblaze_0' is selected.
23:04:44 INFO  : The application 'D:/SpartanTracker/lab7_2/sdk/tracker/Debug/tracker.elf' is downloaded to processor 'microblaze_0'.
23:04:44 INFO  : ----------------XSDB Script----------------
connect -url tcp:127.0.0.1:3121
targets -set -filter {jtag_cable_name =~ "RealDigital Boo 88710000000FA" && level==0 && jtag_device_ctx=="jsn1-0362f093-0"}
fpga -file D:/SpartanTracker/lab7_2/sdk/tracker/_ide/bitstream/tracker_top.bit
targets -set -nocase -filter {name =~ "*microblaze*#0" && bscan=="USER2" }
loadhw -hw D:/SpartanTracker/lab7_2/sdk/tracker_top/export/tracker_top/hw/tracker_top.xsa -regs
configparams mdm-detect-bscan-mask 2
targets -set -nocase -filter {name =~ "*microblaze*#0" && bscan=="USER2" }
rst -system
after 3000
targets -set -nocase -filter {name =~ "*microblaze*#0" && bscan=="USER2" }
dow D:/SpartanTracker/lab7_2/sdk/tracker/Debug/tracker.elf
----------------End of Script----------------

23:04:44 INFO  : Context for processor 'microblaze_0' is selected.
23:04:44 INFO  : 'con' command is executed.
23:04:44 INFO  : ----------------XSDB Script (After Launch)----------------
targets -set -nocase -filter {name =~ "*microblaze*#0" && bscan=="USER2" }
con
----------------End of Script----------------

23:04:44 INFO  : Disconnected from the channel tcfchan#6.
