Copyright 1986-2022 Xilinx, Inc. All Rights Reserved.
------------------------------------------------------------------------------------
| Tool Version : Vivado v.2022.2 (win64) Build 3671981 Fri Oct 14 05:00:03 MDT 2022
| Date         : Thu Dec 11 20:53:01 2025
| Host         : hein_yoga running 64-bit major release  (build 9200)
| Command      : upgrade_ip
| Device       : xc7s50csga324-1
------------------------------------------------------------------------------------

Upgrade Log for IP 'mb_block_hdmi_tc_v2_0_0'

1. Summary
----------

CAUTION (success, with warnings) in the upgrade of mb_block_hdmi_tc_v2_0_0 (xilinx.com:user:hdmi_tc_v2:1.0) from (Rev. 42) to (Rev. 43)

After upgrade, an IP may have parameter and port differences compared to the original customization. Please review the parameters within the IP customization GUI to ensure proper functionality. Also, please review the updated IP instantiation template to ensure proper connectivity, and update your design if required.

2. Connection Warnings
----------------------

Detected external port differences while upgrading 'mb_block_hdmi_tc_v2_0_0'. These changes may impact your design.


-Upgrade has added port 'user_edit'







Copyright 1986-2022 Xilinx, Inc. All Rights Reserved.
------------------------------------------------------------------------------------
| Tool Version : Vivado v.2022.2 (win64) Build 3671981 Fri Oct 14 05:00:03 MDT 2022
| Date         : Thu Dec 11 18:32:40 2025
| Host         : hein_yoga running 64-bit major release  (build 9200)
| Command      : upgrade_ip
| Device       : xc7s50csga324-1
------------------------------------------------------------------------------------

Upgrade Log for IP 'mb_block_hdmi_tc_v2_0_0'

1. Summary
----------

SUCCESS in the upgrade of mb_block_hdmi_tc_v2_0_0 (xilinx.com:user:hdmi_tc_v2:1.0) from (Rev. 41) to (Rev. 42)






Copyright 1986-2022 Xilinx, Inc. All Rights Reserved.
------------------------------------------------------------------------------------
| Tool Version : Vivado v.2022.2 (win64) Build 3671981 Fri Oct 14 05:00:03 MDT 2022
| Date         : Thu Dec 11 18:13:24 2025
| Host         : hein_yoga running 64-bit major release  (build 9200)
| Command      : upgrade_ip
| Device       : xc7s50csga324-1
------------------------------------------------------------------------------------

Upgrade Log for IP 'mb_block_hdmi_tc_v2_0_0'

1. Summary
----------

CAUTION (success, with warnings) in the upgrade of mb_block_hdmi_tc_v2_0_0 (xilinx.com:user:hdmi_tc_v2:1.0) from (Rev. 40) to (Rev. 41)

After upgrade, an IP may have parameter and port differences compared to the original customization. Please review the parameters within the IP customization GUI to ensure proper functionality. Also, please review the updated IP instantiation template to ensure proper connectivity, and update your design if required.

2. Connection Warnings
----------------------

Detected external port differences while upgrading 'mb_block_hdmi_tc_v2_0_0'. These changes may impact your design.


-Upgrade has removed port 'hex_grid_a'

-Upgrade has removed port 'hex_grid_b'

-Upgrade has removed port 'hex_seg_a'

-Upgrade has removed port 'hex_seg_b'

-Upgrade has added port 'hex_grid_a_0'

-Upgrade has added port 'hex_grid_b_0'

-Upgrade has added port 'hex_seg_a_0'

-Upgrade has added port 'hex_seg_b_0'







Copyright 1986-2022 Xilinx, Inc. All Rights Reserved.
------------------------------------------------------------------------------------
| Tool Version : Vivado v.2022.2 (win64) Build 3671981 Fri Oct 14 05:00:03 MDT 2022
| Date         : Thu Dec 11 18:01:43 2025
| Host         : hein_yoga running 64-bit major release  (build 9200)
| Command      : upgrade_ip
| Device       : xc7s50csga324-1
------------------------------------------------------------------------------------

Upgrade Log for IP 'mb_block_hdmi_tc_v2_0_0'

1. Summary
----------

SUCCESS in the upgrade of mb_block_hdmi_tc_v2_0_0 (xilinx.com:user:hdmi_tc_v2:1.0) from (Rev. 39) to (Rev. 40)






Copyright 1986-2022 Xilinx, Inc. All Rights Reserved.
------------------------------------------------------------------------------------
| Tool Version : Vivado v.2022.2 (win64) Build 3671981 Fri Oct 14 05:00:03 MDT 2022
| Date         : Thu Dec 11 17:55:43 2025
| Host         : hein_yoga running 64-bit major release  (build 9200)
| Command      : upgrade_ip
| Device       : xc7s50csga324-1
------------------------------------------------------------------------------------

Upgrade Log for IP 'mb_block_hdmi_tc_v2_0_0'

1. Summary
----------

CAUTION (success, with warnings) in the upgrade of mb_block_hdmi_tc_v2_0_0 (xilinx.com:user:hdmi_tc_v2:1.0) from (Rev. 38) to (Rev. 39)

After upgrade, an IP may have parameter and port differences compared to the original customization. Please review the parameters within the IP customization GUI to ensure proper functionality. Also, please review the updated IP instantiation template to ensure proper connectivity, and update your design if required.

2. Connection Warnings
----------------------

Detected external port differences while upgrading 'mb_block_hdmi_tc_v2_0_0'. These changes may impact your design.


-Upgrade has added port 'hex_grid_a'

-Upgrade has added port 'hex_grid_b'

-Upgrade has added port 'hex_seg_a'

-Upgrade has added port 'hex_seg_b'


